Log file open, 05/23/25 21:40:44
LogWindows: Failed to load 'aqProf.dll' (GetLastError=126)
LogWindows: File 'aqProf.dll' does not exist
LogWindows: Failed to load 'VtuneApi.dll' (GetLastError=126)
LogWindows: File 'VtuneApi.dll' does not exist
LogWindows: Failed to load 'VtuneApi32e.dll' (GetLastError=126)
LogWindows: File 'VtuneApi32e.dll' does not exist
LogConsoleResponse: Display: Failed to find resolution value strings in scalability ini. Falling back to default.
LogInit: Display: Running engine for game: Homebound
LogPlatformFile: Not using cached read wrapper
LogTaskGraph: Started task graph with 5 named threads and 47 total threads with 3 sets of task threads.
LogStats: Stats thread started at 0.075605
LogD3D11RHI: Loaded GFSDK_Aftermath_Lib.x64.dll
LogICUInternationalization: ICU TimeZone Detection - Raw Offset: +0:00, Platform Override: ''
LogPluginManager: Mounting plugin Paper2D
LogPluginManager: Mounting plugin AISupport
LogPluginManager: Mounting plugin LightPropagationVolume
LogPluginManager: Mounting plugin ActorLayerUtilities
LogPluginManager: Mounting plugin AnimationSharing
LogPluginManager: Mounting plugin CLionSourceCodeAccess
LogPluginManager: Mounting plugin CodeLiteSourceCodeAccess
LogPluginManager: Mounting plugin GitSourceControl
LogPluginManager: Mounting plugin KDevelopSourceCodeAccess
LogPluginManager: Mounting plugin NullSourceCodeAccess
LogPluginManager: Mounting plugin PerforceSourceControl
LogPluginManager: Mounting plugin SubversionSourceControl
LogPluginManager: Mounting plugin UObjectPlugin
LogPluginManager: Mounting plugin VisualStudioCodeSourceCodeAccess
LogPluginManager: Mounting plugin VisualStudioSourceCodeAccess
LogPluginManager: Mounting plugin XCodeSourceCodeAccess
LogPluginManager: Mounting plugin AssetManagerEditor
LogPluginManager: Mounting plugin CryptoKeys
LogPluginManager: Mounting plugin CurveEditorTools
LogPluginManager: Mounting plugin DataValidation
LogPluginManager: Mounting plugin FacialAnimation
LogPluginManager: Mounting plugin GameplayTagsEditor
LogPluginManager: Mounting plugin MacGraphicsSwitching
LogPluginManager: Mounting plugin MaterialAnalyzer
LogPluginManager: Mounting plugin MobileLauncherProfileWizard
LogPluginManager: Mounting plugin PluginBrowser
LogPluginManager: Mounting plugin SpeedTreeImporter
LogPluginManager: Mounting plugin DatasmithContent
LogPluginManager: Mounting plugin VariantManagerContent
LogPluginManager: Mounting plugin AlembicImporter
LogPluginManager: Mounting plugin AutomationUtils
LogPluginManager: Mounting plugin BackChannel
LogPluginManager: Mounting plugin CharacterAI
LogPluginManager: Mounting plugin GeometryCache
LogPluginManager: Mounting plugin HTML5Networking
LogPluginManager: Mounting plugin PlatformCrypto
LogPluginManager: Mounting plugin ProxyLODPlugin
LogPluginManager: Mounting plugin SkeletalReduction
LogPluginManager: Mounting plugin MagicLeap
LogPluginManager: Mounting plugin MagicLeapMedia
LogPluginManager: Mounting plugin AndroidMedia
LogPluginManager: Mounting plugin AvfMedia
LogPluginManager: Mounting plugin ImgMedia
LogPluginManager: Mounting plugin MediaCompositing
LogPluginManager: Mounting plugin MediaPlayerEditor
LogPluginManager: Mounting plugin WebMMedia
LogPluginManager: Mounting plugin WmfMedia
LogPluginManager: Mounting plugin TcpMessaging
LogPluginManager: Mounting plugin UdpMessaging
LogPluginManager: Mounting plugin ActorSequence
LogPluginManager: Mounting plugin LevelSequenceEditor
LogPluginManager: Mounting plugin MatineeToLevelSequence
LogPluginManager: Mounting plugin NetcodeUnitTest
LogPluginManager: Mounting plugin NUTUnrealEngine4
LogPluginManager: Mounting plugin OnlineSubsystemGooglePlay
LogPluginManager: Mounting plugin OnlineSubsystemIOS
LogPluginManager: Mounting plugin OnlineSubsystem
LogPluginManager: Mounting plugin OnlineSubsystemNull
LogPluginManager: Mounting plugin OnlineSubsystemUtils
LogPluginManager: Mounting plugin LauncherChunkInstaller
LogPluginManager: Mounting plugin AndroidDeviceProfileSelector
LogPluginManager: Mounting plugin AndroidMoviePlayer
LogPluginManager: Mounting plugin AndroidPermission
LogPluginManager: Mounting plugin AppleImageUtils
LogPluginManager: Mounting plugin AppleMoviePlayer
LogPluginManager: Mounting plugin ArchVisCharacter
LogPluginManager: Mounting plugin AudioCapture
LogPluginManager: Mounting plugin CableComponent
LogPluginManager: Mounting plugin CustomMeshComponent
LogPluginManager: Mounting plugin EditableMesh
LogPluginManager: Mounting plugin ExampleDeviceProfileSelector
LogPluginManager: Mounting plugin GoogleCloudMessaging
LogPluginManager: Mounting plugin IOSDeviceProfileSelector
LogPluginManager: Mounting plugin LinuxDeviceProfileSelector
LogPluginManager: Mounting plugin LocationServicesBPLibrary
LogPluginManager: Mounting plugin MobilePatchingUtils
LogPluginManager: Mounting plugin OculusVR
LogPluginManager: Mounting plugin PhysXVehicles
LogPluginManager: Mounting plugin ProceduralMeshComponent
LogPluginManager: Mounting plugin RuntimePhysXCooking
LogPluginManager: Mounting plugin SignificanceManager
LogPluginManager: Mounting plugin SteamVR
LogPluginManager: Mounting plugin WebMMoviePlayer
LogPluginManager: Mounting plugin WindowsMoviePlayer
LogPluginManager: Mounting plugin ScreenshotTools
LogInit: Using libcurl 7.55.1-DEV
LogInit:  - built for x86_64-pc-win32
LogInit:  - supports SSL with OpenSSL/1.1.1
LogInit:  - supports HTTP deflate (compression) using libz 1.2.8
LogInit:  - other features:
LogInit:      CURL_VERSION_SSL
LogInit:      CURL_VERSION_LIBZ
LogInit:      CURL_VERSION_IPV6
LogInit:      CURL_VERSION_ASYNCHDNS
LogInit:      CURL_VERSION_LARGEFILE
LogInit:      CURL_VERSION_IDN
LogInit:  CurlRequestOptions (configurable via config and command line):
LogInit:  - bVerifyPeer = true  - Libcurl will verify peer certificate
LogInit:  - bUseHttpProxy = false  - Libcurl will NOT use HTTP proxy
LogInit:  - bDontReuseConnections = false  - Libcurl will reuse connections
LogInit:  - MaxHostConnections = 16  - Libcurl will limit the number of connections to a host
LogInit:  - LocalHostAddr = Default
LogInit:  - BufferSize = 65536
LogOnline: OSS: Creating online subsystem instance for: NULL
LogInit: WinSock: version 1.1 (2.2), MaxSocks=32767, MaxUdp=65467
LogInit: Build: ++UE4+Release-4.23-CL-9631420
LogInit: Engine Version: 4.23.1-9631420+++UE4+Release-4.23
LogInit: Compatible Engine Version: 4.23.0-8386587+++UE4+Release-4.23
LogInit: Net CL: 8386587
LogInit: OS: Windows 10 (Release 2009) (), CPU: Intel(R) Core(TM) i7-10700 CPU @ 2.90GHz, GPU: NVIDIA GeForce RTX 3060
LogInit: Compiled (64-bit): Oct 18 2019 02:07:44
LogInit: Compiled with Visual C++: 19.16.27030.01
LogInit: Build Configuration: Development
LogInit: Branch Name: ++UE4+Release-4.23
LogInit: Command Line: 
LogInit: Base Directory: C:/Program Files/Epic Games/UE_4.23/Engine/Binaries/Win64/
LogInit: Installed Engine Build: 1
LogDevObjectVersion: Number of dev versions registered: 23
LogDevObjectVersion:   Dev-Blueprints (B0D832E4-1F89-4F0D-ACCF-7EB736FD4AA2): 10
LogDevObjectVersion:   Dev-Build (E1C64328-A22C-4D53-A36C-8E866417BD8C): 0
LogDevObjectVersion:   Dev-Core (375EC13C-06E4-48FB-B500-84F0262A717E): 3
LogDevObjectVersion:   Dev-Editor (E4B068ED-F494-42E9-A231-DA0B2E46BB41): 34
LogDevObjectVersion:   Dev-Framework (CFFC743F-43B0-4480-9391-14DF171D2073): 35
LogDevObjectVersion:   Dev-Mobile (B02B49B5-BB20-44E9-A304-32B752E40360): 2
LogDevObjectVersion:   Dev-Networking (A4E4105C-59A1-49B5-A7C5-40C4547EDFEE): 0
LogDevObjectVersion:   Dev-Online (39C831C9-5AE6-47DC-9A44-9C173E1C8E7C): 0
LogDevObjectVersion:   Dev-Physics (78F01B33-EBEA-4F98-B9B4-84EACCB95AA2): 0
LogDevObjectVersion:   Dev-Platform (6631380F-2D4D-43E0-8009-CF276956A95A): 0
LogDevObjectVersion:   Dev-Rendering (12F88B9F-8875-4AFC-A67C-D90C383ABD29): 31
LogDevObjectVersion:   Dev-Sequencer (7B5AE74C-D270-4C10-A958-57980B212A5A): 11
LogDevObjectVersion:   Dev-VR (D7296918-1DD6-4BDD-9DE2-64A83CC13884): 2
LogDevObjectVersion:   Dev-LoadTimes (C2A15278-BFE7-4AFE-6C17-90FF531DF755): 1
LogDevObjectVersion:   Private-Geometry (6EACA3D4-40EC-4CC1-B786-8BED09428FC5): 3
LogDevObjectVersion:   Dev-AnimPhys (29E575DD-E0A3-4627-9D10-D276232CDCEA): 17
LogDevObjectVersion:   Dev-Anim (AF43A65D-7FD3-4947-9873-3E8ED9C1BB05): 2
LogDevObjectVersion:   Dev-ReflectionCapture (6B266CEC-1EC7-4B8F-A30B-E4D90942FC07): 1
LogDevObjectVersion:   Dev-Automation (0DF73D61-A23F-47EA-B727-89E90C41499A): 1
LogDevObjectVersion:   FortniteMain (601D1886-AC64-4F84-AA16-D3DE0DEAC7D6): 27
LogDevObjectVersion:   Dev-Enterprise (9DFFBCD6-494F-0158-E221-12823C92A888): 6
LogDevObjectVersion:   Dev-Niagara (F2AED0AC-9AFE-416F-8664-AA7FFA26D6FC): 1
LogDevObjectVersion:   Dev-Destruction (174F1F0B-B4C6-45A5-B13F-2EE8D0FB917D): 9
LogInit: Presizing for max 16777216 objects, including 0 objects not considered by GC, pre-allocating 0 bytes for permanent pool.
LogInit: Object subsystem initialized
LogConfig: Setting CVar [[con.DebugEarlyDefault:1]]
LogConfig: Setting CVar [[r.setres:1280x720]]
[2025.05.23-20.40.45:415][  0]LogConfig: Setting CVar [[r.VSync:0]]
[2025.05.23-20.40.45:415][  0]LogConfig: Setting CVar [[r.RHICmdBypass:0]]
[2025.05.23-20.40.45:415][  0]LogConfig: Applying CVar settings from Section [/Script/Engine.RendererSettings] File [H:/homebound/project file/Saved/Config/Windows/Engine.ini]
[2025.05.23-20.40.45:416][  0]LogConfig: Setting CVar [[r.GPUCrashDebugging:0]]
[2025.05.23-20.40.45:416][  0]LogConfig: Setting CVar [[r.MobileHDR:1]]
[2025.05.23-20.40.45:416][  0]LogConfig: Setting CVar [[r.Mobile.DisableVertexFog:1]]
[2025.05.23-20.40.45:416][  0]LogConfig: Setting CVar [[r.Shadow.CSM.MaxMobileCascades:2]]
[2025.05.23-20.40.45:416][  0]LogConfig: Setting CVar [[r.MobileMSAA:1]]
[2025.05.23-20.40.45:416][  0]LogConfig: Setting CVar [[r.Mobile.UseLegacyShadingModel:0]]
[2025.05.23-20.40.45:416][  0]LogConfig: Setting CVar [[r.Mobile.UseHWsRGBEncoding:0]]
[2025.05.23-20.40.45:416][  0]LogConfig: Setting CVar [[r.Mobile.AllowDitheredLODTransition:0]]
[2025.05.23-20.40.45:416][  0]LogConfig: Setting CVar [[r.Mobile.AllowSoftwareOcclusion:0]]
[2025.05.23-20.40.45:416][  0]LogConfig: Setting CVar [[r.DiscardUnusedQuality:0]]
[2025.05.23-20.40.45:416][  0]LogConfig: Setting CVar [[r.AllowOcclusionQueries:1]]
[2025.05.23-20.40.45:416][  0]LogConfig: Setting CVar [[r.MinScreenRadiusForLights:0.030000]]
[2025.05.23-20.40.45:416][  0]LogConfig: Setting CVar [[r.MinScreenRadiusForDepthPrepass:0.030000]]
[2025.05.23-20.40.45:416][  0]LogConfig: Setting CVar [[r.MinScreenRadiusForCSMDepth:0.010000]]
[2025.05.23-20.40.45:416][  0]LogConfig: Setting CVar [[r.PrecomputedVisibilityWarning:0]]
[2025.05.23-20.40.45:416][  0]LogConfig: Setting CVar [[r.TextureStreaming:1]]
[2025.05.23-20.40.45:416][  0]LogConfig: Setting CVar [[Compat.UseDXT5NormalMaps:0]]
[2025.05.23-20.40.45:416][  0]LogConfig: Setting CVar [[r.VirtualTextures:0]]
[2025.05.23-20.40.45:416][  0]LogConfig: Setting CVar [[r.VirtualTexturedLightmaps:0]]
[2025.05.23-20.40.45:416][  0]LogConfig: Setting CVar [[r.VT.TileSize:128]]
[2025.05.23-20.40.45:416][  0]LogConfig: Setting CVar [[r.VT.TileBorderSize:4]]
[2025.05.23-20.40.45:416][  0]LogConfig: Setting CVar [[r.vt.FeedbackFactor:16]]
[2025.05.23-20.40.45:416][  0]LogConfig: Setting CVar [[r.VT.EnableCompressZlib:1]]
[2025.05.23-20.40.45:416][  0]LogConfig: Setting CVar [[r.VT.EnableCompressCrunch:0]]
[2025.05.23-20.40.45:416][  0]LogConfig: Setting CVar [[r.ClearCoatNormal:0]]
[2025.05.23-20.40.45:416][  0]LogConfig: Setting CVar [[r.ReflectionCaptureResolution:128]]
[2025.05.23-20.40.45:416][  0]LogConfig: Setting CVar [[r.ReflectionEnvironmentLightmapMixBasedOnRoughness:1]]
[2025.05.23-20.40.45:416][  0]LogConfig: Setting CVar [[r.ForwardShading:0]]
[2025.05.23-20.40.45:416][  0]LogConfig: Setting CVar [[r.VertexFoggingForOpaque:1]]
[2025.05.23-20.40.45:416][  0]LogConfig: Setting CVar [[r.AllowStaticLighting:1]]
[2025.05.23-20.40.45:416][  0]LogConfig: Setting CVar [[r.NormalMapsForStaticLighting:0]]
[2025.05.23-20.40.45:416][  0]LogConfig: Setting CVar [[r.GenerateMeshDistanceFields:0]]
[2025.05.23-20.40.45:416][  0]LogConfig: Setting CVar [[r.DistanceFieldBuild.EightBit:0]]
[2025.05.23-20.40.45:416][  0]LogConfig: Setting CVar [[r.GenerateLandscapeGIData:0]]
[2025.05.23-20.40.45:416][  0]LogConfig: Setting CVar [[r.DistanceFieldBuild.Compress:0]]
[2025.05.23-20.40.45:416][  0]LogConfig: Setting CVar [[r.TessellationAdaptivePixelsPerTriangle:48.000000]]
[2025.05.23-20.40.45:416][  0]LogConfig: Setting CVar [[r.SeparateTranslucency:1]]
[2025.05.23-20.40.45:416][  0]LogConfig: Setting CVar [[r.TranslucentSortPolicy:0]]
[2025.05.23-20.40.45:416][  0]LogConfig: Setting CVar [[r.CustomDepth:1]]
[2025.05.23-20.40.45:416][  0]LogConfig: Setting CVar [[r.CustomDepthTemporalAAJitter:1]]
[2025.05.23-20.40.45:416][  0]LogConfig: Setting CVar [[r.PostProcessing.PropagateAlpha:0]]
[2025.05.23-20.40.45:416][  0]LogConfig: Setting CVar [[r.DefaultFeature.Bloom:1]]
[2025.05.23-20.40.45:416][  0]LogConfig: Setting CVar [[r.DefaultFeature.AmbientOcclusion:1]]
[2025.05.23-20.40.45:416][  0]LogConfig: Setting CVar [[r.DefaultFeature.AmbientOcclusionStaticFraction:1]]
[2025.05.23-20.40.45:416][  0]LogConfig: Setting CVar [[r.DefaultFeature.AutoExposure:0]]
[2025.05.23-20.40.45:416][  0]LogConfig: Setting CVar [[r.DefaultFeature.AutoExposure.Method:0]]
[2025.05.23-20.40.45:416][  0]LogConfig: Setting CVar [[r.DefaultFeature.AutoExposure.ExtendDefaultLuminanceRange:0]]
[2025.05.23-20.40.45:416][  0]LogConfig: Setting CVar [[r.UsePreExposure:1]]
[2025.05.23-20.40.45:416][  0]LogConfig: Setting CVar [[r.EyeAdaptation.EditorOnly:1]]
[2025.05.23-20.40.45:416][  0]LogConfig: Setting CVar [[r.DefaultFeature.MotionBlur:1]]
[2025.05.23-20.40.45:416][  0]LogConfig: Setting CVar [[r.DefaultFeature.LensFlare:0]]
[2025.05.23-20.40.45:416][  0]LogConfig: Setting CVar [[r.TemporalAA.Upsampling:0]]
[2025.05.23-20.40.45:416][  0]LogConfig: Setting CVar [[r.DefaultFeature.AntiAliasing:2]]
[2025.05.23-20.40.45:416][  0]LogConfig: Setting CVar [[r.DefaultFeature.LightUnits:1]]
[2025.05.23-20.40.45:416][  0]LogConfig: Setting CVar [[r.DefaultBackBufferPixelFormat:4]]
[2025.05.23-20.40.45:416][  0]LogConfig: Setting CVar [[r.Shadow.UnbuiltPreviewInGame:1]]
[2025.05.23-20.40.45:416][  0]LogConfig: Setting CVar [[r.StencilForLODDither:0]]
[2025.05.23-20.40.45:416][  0]LogConfig: Setting CVar [[r.EarlyZPass:3]]
[2025.05.23-20.40.45:417][  0]LogConfig: Setting CVar [[r.EarlyZPassOnlyMaterialMasking:0]]
[2025.05.23-20.40.45:417][  0]LogConfig: Setting CVar [[r.DBuffer:1]]
[2025.05.23-20.40.45:417][  0]LogConfig: Setting CVar [[r.ClearSceneMethod:1]]
[2025.05.23-20.40.45:417][  0]LogConfig: Setting CVar [[r.BasePassOutputsVelocity:0]]
[2025.05.23-20.40.45:417][  0]LogConfig: Setting CVar [[r.SelectiveBasePassOutputs:0]]
[2025.05.23-20.40.45:417][  0]LogConfig: Setting CVar [[fx.GPUSimulationTextureSizeX:1024]]
[2025.05.23-20.40.45:417][  0]LogConfig: Setting CVar [[fx.GPUSimulationTextureSizeY:1024]]
[2025.05.23-20.40.45:417][  0]LogConfig: Setting CVar [[r.AllowGlobalClipPlane:0]]
[2025.05.23-20.40.45:417][  0]LogConfig: Setting CVar [[r.GBufferFormat:1]]
[2025.05.23-20.40.45:417][  0]LogConfig: Setting CVar [[r.MorphTarget.Mode:1]]
[2025.05.23-20.40.45:417][  0]LogConfig: Setting CVar [[vr.InstancedStereo:0]]
[2025.05.23-20.40.45:417][  0]LogConfig: Setting CVar [[vr.MultiView:0]]
[2025.05.23-20.40.45:417][  0]LogConfig: Setting CVar [[vr.MobileMultiView:0]]
[2025.05.23-20.40.45:417][  0]LogConfig: Setting CVar [[vr.MobileMultiView.Direct:0]]
[2025.05.23-20.40.45:417][  0]LogConfig: Setting CVar [[vr.RoundRobinOcclusion:0]]
[2025.05.23-20.40.45:417][  0]LogConfig: Setting CVar [[vr.ODSCapture:0]]
[2025.05.23-20.40.45:417][  0]LogConfig: Setting CVar [[r.WireframeCullThreshold:5.000000]]
[2025.05.23-20.40.45:417][  0]LogConfig: Setting CVar [[r.RayTracing:0]]
[2025.05.23-20.40.45:417][  0]LogConfig: Setting CVar [[r.SupportStationarySkylight:1]]
[2025.05.23-20.40.45:417][  0]LogConfig: Setting CVar [[r.SupportLowQualityLightmaps:1]]
[2025.05.23-20.40.45:417][  0]LogConfig: Setting CVar [[r.SupportPointLightWholeSceneShadows:1]]
[2025.05.23-20.40.45:417][  0]LogConfig: Setting CVar [[r.SupportAtmosphericFog:1]]
[2025.05.23-20.40.45:417][  0]LogConfig: Setting CVar [[r.SkinCache.CompileShaders:0]]
[2025.05.23-20.40.45:417][  0]LogConfig: Setting CVar [[r.Mobile.EnableStaticAndCSMShadowReceivers:1]]
[2025.05.23-20.40.45:417][  0]LogConfig: Setting CVar [[r.Mobile.EnableMovableLightCSMShaderCulling:1]]
[2025.05.23-20.40.45:417][  0]LogConfig: Setting CVar [[r.Mobile.AllowDistanceFieldShadows:1]]
[2025.05.23-20.40.45:417][  0]LogConfig: Setting CVar [[r.Mobile.AllowMovableDirectionalLights:1]]
[2025.05.23-20.40.45:417][  0]LogConfig: Setting CVar [[r.MobileNumDynamicPointLights:4]]
[2025.05.23-20.40.45:417][  0]LogConfig: Setting CVar [[r.MobileDynamicPointLightsUseStaticBranch:1]]
[2025.05.23-20.40.45:417][  0]LogConfig: Setting CVar [[r.Mobile.EnableMovableSpotlights:0]]
[2025.05.23-20.40.45:417][  0]LogConfig: Setting CVar [[r.SkinCache.SceneMemoryLimitInMB:128.000000]]
[2025.05.23-20.40.45:417][  0]LogConfig: Setting CVar [[r.GPUSkin.Limit2BoneInfluences:0]]
[2025.05.23-20.40.45:417][  0]LogConfig: Setting CVar [[r.SupportDepthOnlyIndexBuffers:1]]
[2025.05.23-20.40.45:417][  0]LogConfig: Setting CVar [[r.SupportReversedIndexBuffers:1]]
[2025.05.23-20.40.45:417][  0]LogConfig: Setting CVar [[r.SupportMaterialLayers:0]]
[2025.05.23-20.40.45:417][  0]LogConfig: Applying CVar settings from Section [/Script/Engine.RendererOverrideSettings] File [H:/homebound/project file/Saved/Config/Windows/Engine.ini]
[2025.05.23-20.40.45:417][  0]LogConfig: Applying CVar settings from Section [/Script/Engine.StreamingSettings] File [H:/homebound/project file/Saved/Config/Windows/Engine.ini]
[2025.05.23-20.40.45:417][  0]LogConfig: Setting CVar [[s.MinBulkDataSizeForAsyncLoading:131072]]
[2025.05.23-20.40.45:417][  0]LogConfig: Setting CVar [[s.AsyncLoadingThreadEnabled:0]]
[2025.05.23-20.40.45:417][  0]LogConfig: Setting CVar [[s.EventDrivenLoaderEnabled:1]]
[2025.05.23-20.40.45:417][  0]LogConfig: Setting CVar [[s.WarnIfTimeLimitExceeded:0]]
[2025.05.23-20.40.45:417][  0]LogConfig: Setting CVar [[s.TimeLimitExceededMultiplier:1.5]]
[2025.05.23-20.40.45:417][  0]LogConfig: Setting CVar [[s.TimeLimitExceededMinTime:0.005]]
[2025.05.23-20.40.45:417][  0]LogConfig: Setting CVar [[s.UseBackgroundLevelStreaming:1]]
[2025.05.23-20.40.45:418][  0]LogConfig: Setting CVar [[s.PriorityAsyncLoadingExtraTime:15.0]]
[2025.05.23-20.40.45:418][  0]LogConfig: Setting CVar [[s.LevelStreamingActorsUpdateTimeLimit:5.0]]
[2025.05.23-20.40.45:418][  0]LogConfig: Setting CVar [[s.PriorityLevelStreamingActorsUpdateExtraTime:5.0]]
[2025.05.23-20.40.45:418][  0]LogConfig: Setting CVar [[s.LevelStreamingComponentsRegistrationGranularity:10]]
[2025.05.23-20.40.45:418][  0]LogConfig: Setting CVar [[s.UnregisterComponentsTimeLimit:1.0]]
[2025.05.23-20.40.45:418][  0]LogConfig: Setting CVar [[s.LevelStreamingComponentsUnregistrationGranularity:5]]
[2025.05.23-20.40.45:418][  0]LogConfig: Applying CVar settings from Section [/Script/Engine.GarbageCollectionSettings] File [H:/homebound/project file/Saved/Config/Windows/Engine.ini]
[2025.05.23-20.40.45:418][  0]LogConfig: Setting CVar [[gc.MaxObjectsNotConsideredByGC:1]]
[2025.05.23-20.40.45:418][  0]LogConfig: Setting CVar [[gc.SizeOfPermanentObjectPool:0]]
[2025.05.23-20.40.45:418][  0]LogConfig: Setting CVar [[gc.FlushStreamingOnGC:0]]
[2025.05.23-20.40.45:418][  0]LogConfig: Setting CVar [[gc.NumRetriesBeforeForcingGC:10]]
[2025.05.23-20.40.45:418][  0]LogConfig: Setting CVar [[gc.AllowParallelGC:1]]
[2025.05.23-20.40.45:418][  0]LogConfig: Setting CVar [[gc.TimeBetweenPurgingPendingKillObjects:61.1]]
[2025.05.23-20.40.45:418][  0]LogConfig: Setting CVar [[gc.MaxObjectsInEditor:16777216]]
[2025.05.23-20.40.45:418][  0]LogConfig: Setting CVar [[gc.IncrementalBeginDestroyEnabled:1]]
[2025.05.23-20.40.45:418][  0]LogConfig: Setting CVar [[gc.CreateGCClusters:1]]
[2025.05.23-20.40.45:418][  0]LogConfig: Setting CVar [[gc.MinGCClusterSize:5]]
[2025.05.23-20.40.45:418][  0]LogConfig: Setting CVar [[gc.ActorClusteringEnabled:0]]
[2025.05.23-20.40.45:418][  0]LogConfig: Setting CVar [[gc.BlueprintClusteringEnabled:0]]
[2025.05.23-20.40.45:418][  0]LogConfig: Setting CVar [[gc.UseDisregardForGCOnDedicatedServers:0]]
[2025.05.23-20.40.45:418][  0]LogConfig: Applying CVar settings from Section [/Script/Engine.NetworkSettings] File [H:/homebound/project file/Saved/Config/Windows/Engine.ini]
[2025.05.23-20.40.45:418][  0]LogConfig: Applying CVar settings from Section [/Script/UnrealEd.CookerSettings] File [H:/homebound/project file/Saved/Config/Windows/Engine.ini]
[2025.05.23-20.40.45:423][  0]LogConfig: Applying CVar settings from Section [ViewDistanceQuality@3] File [H:/homebound/project file/Saved/Config/Windows/Scalability.ini]
[2025.05.23-20.40.45:423][  0]LogConfig: Setting CVar [[r.SkeletalMeshLODBias:0]]
[2025.05.23-20.40.45:423][  0]LogConfig: Setting CVar [[r.ViewDistanceScale:1.0]]
[2025.05.23-20.40.45:423][  0]LogConfig: Applying CVar settings from Section [AntiAliasingQuality@3] File [H:/homebound/project file/Saved/Config/Windows/Scalability.ini]
[2025.05.23-20.40.45:423][  0]LogConfig: Setting CVar [[r.PostProcessAAQuality:4]]
[2025.05.23-20.40.45:423][  0]LogConfig: Applying CVar settings from Section [ShadowQuality@3] File [H:/homebound/project file/Saved/Config/Windows/Scalability.ini]
[2025.05.23-20.40.45:423][  0]LogConfig: Setting CVar [[r.LightFunctionQuality:1]]
[2025.05.23-20.40.45:423][  0]LogConfig: Setting CVar [[r.ShadowQuality:5]]
[2025.05.23-20.40.45:423][  0]LogConfig: Setting CVar [[r.Shadow.CSM.MaxCascades:10]]
[2025.05.23-20.40.45:423][  0]LogConfig: Setting CVar [[r.Shadow.MaxResolution:2048]]
[2025.05.23-20.40.45:423][  0]LogConfig: Setting CVar [[r.Shadow.MaxCSMResolution:2048]]
[2025.05.23-20.40.45:423][  0]LogConfig: Setting CVar [[r.Shadow.RadiusThreshold:0.01]]
[2025.05.23-20.40.45:423][  0]LogConfig: Setting CVar [[r.Shadow.DistanceScale:1.0]]
[2025.05.23-20.40.45:423][  0]LogConfig: Setting CVar [[r.Shadow.CSM.TransitionScale:1.0]]
[2025.05.23-20.40.45:423][  0]LogConfig: Setting CVar [[r.Shadow.PreShadowResolutionFactor:1.0]]
[2025.05.23-20.40.45:423][  0]LogConfig: Setting CVar [[r.DistanceFieldShadowing:1]]
[2025.05.23-20.40.45:423][  0]LogConfig: Setting CVar [[r.DistanceFieldAO:1]]
[2025.05.23-20.40.45:423][  0]LogConfig: Setting CVar [[r.AOQuality:2]]
[2025.05.23-20.40.45:423][  0]LogConfig: Setting CVar [[r.VolumetricFog:1]]
[2025.05.23-20.40.45:423][  0]LogConfig: Setting CVar [[r.VolumetricFog.GridPixelSize:8]]
[2025.05.23-20.40.45:423][  0]LogConfig: Setting CVar [[r.VolumetricFog.GridSizeZ:128]]
[2025.05.23-20.40.45:423][  0]LogConfig: Setting CVar [[r.VolumetricFog.HistoryMissSupersampleCount:4]]
[2025.05.23-20.40.45:423][  0]LogConfig: Setting CVar [[r.LightMaxDrawDistanceScale:1]]
[2025.05.23-20.40.45:423][  0]LogConfig: Setting CVar [[r.CapsuleShadows:1]]
[2025.05.23-20.40.45:423][  0]LogConfig: Applying CVar settings from Section [PostProcessQuality@3] File [H:/homebound/project file/Saved/Config/Windows/Scalability.ini]
[2025.05.23-20.40.45:423][  0]LogConfig: Setting CVar [[r.MotionBlurQuality:4]]
[2025.05.23-20.40.45:423][  0]LogConfig: Setting CVar [[r.AmbientOcclusionMipLevelFactor:0.4]]
[2025.05.23-20.40.45:423][  0]LogConfig: Setting CVar [[r.AmbientOcclusionMaxQuality:100]]
[2025.05.23-20.40.45:423][  0]LogConfig: Setting CVar [[r.AmbientOcclusionLevels:-1]]
[2025.05.23-20.40.45:423][  0]LogConfig: Setting CVar [[r.AmbientOcclusionRadiusScale:1.0]]
[2025.05.23-20.40.45:423][  0]LogConfig: Setting CVar [[r.DepthOfFieldQuality:2]]
[2025.05.23-20.40.45:423][  0]LogConfig: Setting CVar [[r.RenderTargetPoolMin:400]]
[2025.05.23-20.40.45:423][  0]LogConfig: Setting CVar [[r.LensFlareQuality:2]]
[2025.05.23-20.40.45:423][  0]LogConfig: Setting CVar [[r.SceneColorFringeQuality:1]]
[2025.05.23-20.40.45:423][  0]LogConfig: Setting CVar [[r.EyeAdaptationQuality:2]]
[2025.05.23-20.40.45:423][  0]LogConfig: Setting CVar [[r.BloomQuality:5]]
[2025.05.23-20.40.45:423][  0]LogConfig: Setting CVar [[r.FastBlurThreshold:100]]
[2025.05.23-20.40.45:423][  0]LogConfig: Setting CVar [[r.Upscale.Quality:3]]
[2025.05.23-20.40.45:423][  0]LogConfig: Setting CVar [[r.Tonemapper.GrainQuantization:1]]
[2025.05.23-20.40.45:423][  0]LogConfig: Setting CVar [[r.LightShaftQuality:1]]
[2025.05.23-20.40.45:423][  0]LogConfig: Setting CVar [[r.Filter.SizeScale:1]]
[2025.05.23-20.40.45:423][  0]LogConfig: Setting CVar [[r.Tonemapper.Quality:5]]
[2025.05.23-20.40.45:423][  0]LogConfig: Setting CVar [[r.DOF.Gather.AccumulatorQuality:1        ; higher gathering accumulator quality]]
[2025.05.23-20.40.45:423][  0]LogConfig: Setting CVar [[r.DOF.Gather.PostfilterMethod:1          ; Median3x3 postfilering method]]
[2025.05.23-20.40.45:423][  0]LogConfig: Setting CVar [[r.DOF.Gather.EnableBokehSettings:0       ; no bokeh simulation when gathering]]
[2025.05.23-20.40.45:423][  0]LogConfig: Setting CVar [[r.DOF.Gather.RingCount:4                 ; medium number of samples when gathering]]
[2025.05.23-20.40.45:423][  0]LogConfig: Setting CVar [[r.DOF.Scatter.ForegroundCompositing:1    ; additive foreground scattering]]
[2025.05.23-20.40.45:423][  0]LogConfig: Setting CVar [[r.DOF.Scatter.BackgroundCompositing:2    ; additive background scattering]]
[2025.05.23-20.40.45:423][  0]LogConfig: Setting CVar [[r.DOF.Scatter.EnableBokehSettings:1      ; bokeh simulation when scattering]]
[2025.05.23-20.40.45:423][  0]LogConfig: Setting CVar [[r.DOF.Scatter.MaxSpriteRatio:0.1         ; only a maximum of 10% of scattered bokeh]]
[2025.05.23-20.40.45:423][  0]LogConfig: Setting CVar [[r.DOF.Recombine.Quality:1                ; cheap slight out of focus]]
[2025.05.23-20.40.45:423][  0]LogConfig: Setting CVar [[r.DOF.Recombine.EnableBokehSettings:0    ; no bokeh simulation on slight out of focus]]
[2025.05.23-20.40.45:423][  0]LogConfig: Setting CVar [[r.DOF.TemporalAAQuality:1                ; more stable temporal accumulation]]
[2025.05.23-20.40.45:423][  0]LogConfig: Setting CVar [[r.DOF.Kernel.MaxForegroundRadius:0.025]]
[2025.05.23-20.40.45:423][  0]LogConfig: Setting CVar [[r.DOF.Kernel.MaxBackgroundRadius:0.025]]
[2025.05.23-20.40.45:423][  0]LogConfig: Applying CVar settings from Section [TextureQuality@3] File [H:/homebound/project file/Saved/Config/Windows/Scalability.ini]
[2025.05.23-20.40.45:423][  0]LogConfig: Setting CVar [[r.Streaming.MipBias:0]]
[2025.05.23-20.40.45:423][  0]LogConfig: Setting CVar [[r.Streaming.AmortizeCPUToGPUCopy:0]]
[2025.05.23-20.40.45:423][  0]LogConfig: Setting CVar [[r.Streaming.MaxNumTexturesToStreamPerFrame:0]]
[2025.05.23-20.40.45:423][  0]LogConfig: Setting CVar [[r.Streaming.Boost:1]]
[2025.05.23-20.40.45:423][  0]LogConfig: Setting CVar [[r.MaxAnisotropy:8]]
[2025.05.23-20.40.45:423][  0]LogConfig: Setting CVar [[r.Streaming.LimitPoolSizeToVRAM:0]]
[2025.05.23-20.40.45:423][  0]LogConfig: Setting CVar [[r.Streaming.PoolSize:1000]]
[2025.05.23-20.40.45:423][  0]LogConfig: Setting CVar [[r.Streaming.MaxEffectiveScreenSize:0]]
[2025.05.23-20.40.45:423][  0]LogConfig: Applying CVar settings from Section [EffectsQuality@3] File [H:/homebound/project file/Saved/Config/Windows/Scalability.ini]
[2025.05.23-20.40.45:423][  0]LogConfig: Setting CVar [[r.TranslucencyLightingVolumeDim:64]]
[2025.05.23-20.40.45:423][  0]LogConfig: Setting CVar [[r.RefractionQuality:2]]
[2025.05.23-20.40.45:423][  0]LogConfig: Setting CVar [[r.SSR.Quality:3]]
[2025.05.23-20.40.45:423][  0]LogConfig: Setting CVar [[r.SceneColorFormat:4]]
[2025.05.23-20.40.45:423][  0]LogConfig: Setting CVar [[r.DetailMode:2]]
[2025.05.23-20.40.45:423][  0]LogConfig: Setting CVar [[r.TranslucencyVolumeBlur:1]]
[2025.05.23-20.40.45:423][  0]LogConfig: Setting CVar [[r.MaterialQualityLevel:1 ; High quality]]
[2025.05.23-20.40.45:423][  0]LogConfig: Setting CVar [[r.SSS.Scale:1]]
[2025.05.23-20.40.45:423][  0]LogConfig: Setting CVar [[r.SSS.SampleSet:2]]
[2025.05.23-20.40.45:423][  0]LogConfig: Setting CVar [[r.SSS.Quality:1]]
[2025.05.23-20.40.45:424][  0]LogConfig: Setting CVar [[r.SSS.HalfRes:1]]
[2025.05.23-20.40.45:424][  0]LogConfig: Setting CVar [[r.EmitterSpawnRateScale:1.0]]
[2025.05.23-20.40.45:424][  0]LogConfig: Setting CVar [[r.ParticleLightQuality:2]]
[2025.05.23-20.40.45:424][  0]LogConfig: Applying CVar settings from Section [FoliageQuality@3] File [H:/homebound/project file/Saved/Config/Windows/Scalability.ini]
[2025.05.23-20.40.45:424][  0]LogConfig: Setting CVar [[foliage.DensityScale:1.0]]
[2025.05.23-20.40.45:424][  0]LogConfig: Setting CVar [[grass.DensityScale:1.0]]
[2025.05.23-20.40.45:424][  0]LogInit: Selected Device Profile: [Windows]
[2025.05.23-20.40.45:424][  0]LogInit: Applying CVar settings loaded from the selected device profile: [Windows]
[2025.05.23-20.40.45:428][  0]LogHAL: Display: Platform has ~ 32 GB [34269687808 / 34359738368 / 32], which maps to Largest [LargestMinGB=32, LargerMinGB=12, DefaultMinGB=8, SmallerMinGB=6, SmallestMinGB=0)
[2025.05.23-20.40.45:428][  0]LogInit: Going up to parent DeviceProfile []
[2025.05.23-20.40.45:428][  0]LogConfig: Applying CVar settings from Section [ViewDistanceQuality@3] File [H:/homebound/project file/Saved/Config/Windows/Scalability.ini]
[2025.05.23-20.40.45:428][  0]LogConfig: Setting CVar [[r.SkeletalMeshLODBias:0]]
[2025.05.23-20.40.45:428][  0]LogConfig: Setting CVar [[r.ViewDistanceScale:1.0]]
[2025.05.23-20.40.45:428][  0]LogConfig: Applying CVar settings from Section [AntiAliasingQuality@3] File [H:/homebound/project file/Saved/Config/Windows/Scalability.ini]
[2025.05.23-20.40.45:428][  0]LogConfig: Setting CVar [[r.PostProcessAAQuality:4]]
[2025.05.23-20.40.45:428][  0]LogConfig: Applying CVar settings from Section [ShadowQuality@3] File [H:/homebound/project file/Saved/Config/Windows/Scalability.ini]
[2025.05.23-20.40.45:428][  0]LogConfig: Setting CVar [[r.LightFunctionQuality:1]]
[2025.05.23-20.40.45:428][  0]LogConfig: Setting CVar [[r.ShadowQuality:5]]
[2025.05.23-20.40.45:428][  0]LogConfig: Setting CVar [[r.Shadow.CSM.MaxCascades:10]]
[2025.05.23-20.40.45:428][  0]LogConfig: Setting CVar [[r.Shadow.MaxResolution:2048]]
[2025.05.23-20.40.45:428][  0]LogConfig: Setting CVar [[r.Shadow.MaxCSMResolution:2048]]
[2025.05.23-20.40.45:428][  0]LogConfig: Setting CVar [[r.Shadow.RadiusThreshold:0.01]]
[2025.05.23-20.40.45:428][  0]LogConfig: Setting CVar [[r.Shadow.DistanceScale:1.0]]
[2025.05.23-20.40.45:428][  0]LogConfig: Setting CVar [[r.Shadow.CSM.TransitionScale:1.0]]
[2025.05.23-20.40.45:428][  0]LogConfig: Setting CVar [[r.Shadow.PreShadowResolutionFactor:1.0]]
[2025.05.23-20.40.45:428][  0]LogConfig: Setting CVar [[r.DistanceFieldShadowing:1]]
[2025.05.23-20.40.45:428][  0]LogConfig: Setting CVar [[r.DistanceFieldAO:1]]
[2025.05.23-20.40.45:428][  0]LogConfig: Setting CVar [[r.AOQuality:2]]
[2025.05.23-20.40.45:428][  0]LogConfig: Setting CVar [[r.VolumetricFog:1]]
[2025.05.23-20.40.45:429][  0]LogConfig: Setting CVar [[r.VolumetricFog.GridPixelSize:8]]
[2025.05.23-20.40.45:429][  0]LogConfig: Setting CVar [[r.VolumetricFog.GridSizeZ:128]]
[2025.05.23-20.40.45:429][  0]LogConfig: Setting CVar [[r.VolumetricFog.HistoryMissSupersampleCount:4]]
[2025.05.23-20.40.45:429][  0]LogConfig: Setting CVar [[r.LightMaxDrawDistanceScale:1]]
[2025.05.23-20.40.45:429][  0]LogConfig: Setting CVar [[r.CapsuleShadows:1]]
[2025.05.23-20.40.45:429][  0]LogConfig: Applying CVar settings from Section [PostProcessQuality@3] File [H:/homebound/project file/Saved/Config/Windows/Scalability.ini]
[2025.05.23-20.40.45:429][  0]LogConfig: Setting CVar [[r.MotionBlurQuality:4]]
[2025.05.23-20.40.45:429][  0]LogConfig: Setting CVar [[r.AmbientOcclusionMipLevelFactor:0.4]]
[2025.05.23-20.40.45:429][  0]LogConfig: Setting CVar [[r.AmbientOcclusionMaxQuality:100]]
[2025.05.23-20.40.45:429][  0]LogConfig: Setting CVar [[r.AmbientOcclusionLevels:-1]]
[2025.05.23-20.40.45:429][  0]LogConfig: Setting CVar [[r.AmbientOcclusionRadiusScale:1.0]]
[2025.05.23-20.40.45:429][  0]LogConfig: Setting CVar [[r.DepthOfFieldQuality:2]]
[2025.05.23-20.40.45:429][  0]LogConfig: Setting CVar [[r.RenderTargetPoolMin:400]]
[2025.05.23-20.40.45:429][  0]LogConfig: Setting CVar [[r.LensFlareQuality:2]]
[2025.05.23-20.40.45:429][  0]LogConfig: Setting CVar [[r.SceneColorFringeQuality:1]]
[2025.05.23-20.40.45:429][  0]LogConfig: Setting CVar [[r.EyeAdaptationQuality:2]]
[2025.05.23-20.40.45:429][  0]LogConfig: Setting CVar [[r.BloomQuality:5]]
[2025.05.23-20.40.45:429][  0]LogConfig: Setting CVar [[r.FastBlurThreshold:100]]
[2025.05.23-20.40.45:429][  0]LogConfig: Setting CVar [[r.Upscale.Quality:3]]
[2025.05.23-20.40.45:429][  0]LogConfig: Setting CVar [[r.Tonemapper.GrainQuantization:1]]
[2025.05.23-20.40.45:429][  0]LogConfig: Setting CVar [[r.LightShaftQuality:1]]
[2025.05.23-20.40.45:429][  0]LogConfig: Setting CVar [[r.Filter.SizeScale:1]]
[2025.05.23-20.40.45:429][  0]LogConfig: Setting CVar [[r.Tonemapper.Quality:5]]
[2025.05.23-20.40.45:429][  0]LogConfig: Setting CVar [[r.DOF.Gather.AccumulatorQuality:1        ; higher gathering accumulator quality]]
[2025.05.23-20.40.45:429][  0]LogConfig: Setting CVar [[r.DOF.Gather.PostfilterMethod:1          ; Median3x3 postfilering method]]
[2025.05.23-20.40.45:429][  0]LogConfig: Setting CVar [[r.DOF.Gather.EnableBokehSettings:0       ; no bokeh simulation when gathering]]
[2025.05.23-20.40.45:429][  0]LogConfig: Setting CVar [[r.DOF.Gather.RingCount:4                 ; medium number of samples when gathering]]
[2025.05.23-20.40.45:429][  0]LogConfig: Setting CVar [[r.DOF.Scatter.ForegroundCompositing:1    ; additive foreground scattering]]
[2025.05.23-20.40.45:429][  0]LogConfig: Setting CVar [[r.DOF.Scatter.BackgroundCompositing:2    ; additive background scattering]]
[2025.05.23-20.40.45:429][  0]LogConfig: Setting CVar [[r.DOF.Scatter.EnableBokehSettings:1      ; bokeh simulation when scattering]]
[2025.05.23-20.40.45:429][  0]LogConfig: Setting CVar [[r.DOF.Scatter.MaxSpriteRatio:0.1         ; only a maximum of 10% of scattered bokeh]]
[2025.05.23-20.40.45:429][  0]LogConfig: Setting CVar [[r.DOF.Recombine.Quality:1                ; cheap slight out of focus]]
[2025.05.23-20.40.45:429][  0]LogConfig: Setting CVar [[r.DOF.Recombine.EnableBokehSettings:0    ; no bokeh simulation on slight out of focus]]
[2025.05.23-20.40.45:429][  0]LogConfig: Setting CVar [[r.DOF.TemporalAAQuality:1                ; more stable temporal accumulation]]
[2025.05.23-20.40.45:429][  0]LogConfig: Setting CVar [[r.DOF.Kernel.MaxForegroundRadius:0.025]]
[2025.05.23-20.40.45:429][  0]LogConfig: Setting CVar [[r.DOF.Kernel.MaxBackgroundRadius:0.025]]
[2025.05.23-20.40.45:429][  0]LogConfig: Applying CVar settings from Section [TextureQuality@3] File [H:/homebound/project file/Saved/Config/Windows/Scalability.ini]
[2025.05.23-20.40.45:429][  0]LogConfig: Setting CVar [[r.Streaming.MipBias:0]]
[2025.05.23-20.40.45:429][  0]LogConfig: Setting CVar [[r.Streaming.AmortizeCPUToGPUCopy:0]]
[2025.05.23-20.40.45:429][  0]LogConfig: Setting CVar [[r.Streaming.MaxNumTexturesToStreamPerFrame:0]]
[2025.05.23-20.40.45:429][  0]LogConfig: Setting CVar [[r.Streaming.Boost:1]]
[2025.05.23-20.40.45:429][  0]LogConfig: Setting CVar [[r.MaxAnisotropy:8]]
[2025.05.23-20.40.45:429][  0]LogConfig: Setting CVar [[r.Streaming.LimitPoolSizeToVRAM:0]]
[2025.05.23-20.40.45:429][  0]LogConfig: Setting CVar [[r.Streaming.PoolSize:1000]]
[2025.05.23-20.40.45:429][  0]LogConfig: Setting CVar [[r.Streaming.MaxEffectiveScreenSize:0]]
[2025.05.23-20.40.45:429][  0]LogConfig: Applying CVar settings from Section [EffectsQuality@3] File [H:/homebound/project file/Saved/Config/Windows/Scalability.ini]
[2025.05.23-20.40.45:429][  0]LogConfig: Setting CVar [[r.TranslucencyLightingVolumeDim:64]]
[2025.05.23-20.40.45:429][  0]LogConfig: Setting CVar [[r.RefractionQuality:2]]
[2025.05.23-20.40.45:429][  0]LogConfig: Setting CVar [[r.SSR.Quality:3]]
[2025.05.23-20.40.45:429][  0]LogConfig: Setting CVar [[r.SceneColorFormat:4]]
[2025.05.23-20.40.45:429][  0]LogConfig: Setting CVar [[r.DetailMode:2]]
[2025.05.23-20.40.45:429][  0]LogConfig: Setting CVar [[r.TranslucencyVolumeBlur:1]]
[2025.05.23-20.40.45:429][  0]LogConfig: Setting CVar [[r.MaterialQualityLevel:1 ; High quality]]
[2025.05.23-20.40.45:429][  0]LogConfig: Setting CVar [[r.SSS.Scale:1]]
[2025.05.23-20.40.45:429][  0]LogConfig: Setting CVar [[r.SSS.SampleSet:2]]
[2025.05.23-20.40.45:429][  0]LogConfig: Setting CVar [[r.SSS.Quality:1]]
[2025.05.23-20.40.45:429][  0]LogConfig: Setting CVar [[r.SSS.HalfRes:1]]
[2025.05.23-20.40.45:429][  0]LogConfig: Setting CVar [[r.EmitterSpawnRateScale:1.0]]
[2025.05.23-20.40.45:429][  0]LogConfig: Setting CVar [[r.ParticleLightQuality:2]]
[2025.05.23-20.40.45:429][  0]LogConfig: Applying CVar settings from Section [FoliageQuality@3] File [H:/homebound/project file/Saved/Config/Windows/Scalability.ini]
[2025.05.23-20.40.45:430][  0]LogConfig: Setting CVar [[foliage.DensityScale:1.0]]
[2025.05.23-20.40.45:430][  0]LogConfig: Setting CVar [[grass.DensityScale:1.0]]
[2025.05.23-20.40.45:430][  0]LogConfig: Applying CVar settings from Section [Startup] File [../../../Engine/Config/ConsoleVariables.ini]
[2025.05.23-20.40.45:430][  0]LogConfig: Setting CVar [[net.UseAdaptiveNetUpdateFrequency:0]]
[2025.05.23-20.40.45:430][  0]LogConfig: Setting CVar [[p.chaos.AllowCreatePhysxBodies:1]]
[2025.05.23-20.40.45:430][  0]LogConfig: Applying CVar settings from Section [ConsoleVariables] File [H:/homebound/project file/Saved/Config/Windows/Engine.ini]
[2025.05.23-20.40.45:430][  0]LogInit: Computer: ZCD-PC
[2025.05.23-20.40.45:430][  0]LogInit: User: zack1
[2025.05.23-20.40.45:430][  0]LogInit: CPU Page size=4096, Cores=8
[2025.05.23-20.40.45:430][  0]LogInit: High frequency timer resolution =10.000000 MHz
[2025.05.23-20.40.45:430][  0]LogMemory: Memory total: Physical=31.9GB (32GB approx)
[2025.05.23-20.40.45:431][  0]LogMemory: Platform Memory Stats for Windows
[2025.05.23-20.40.45:431][  0]LogMemory: Process Physical Memory: 108.04 MB used, 108.04 MB peak
[2025.05.23-20.40.45:431][  0]LogMemory: Process Virtual Memory: 91.30 MB used, 91.30 MB peak
[2025.05.23-20.40.45:431][  0]LogMemory: Physical Memory: 13520.96 MB used,  19161.16 MB free, 32682.12 MB total
[2025.05.23-20.40.45:431][  0]LogMemory: Virtual Memory: 4705.02 MB used,  134213024.00 MB free, 134217728.00 MB total
[2025.05.23-20.40.45:440][  0]LogWindows: WindowsPlatformFeatures enabled
[2025.05.23-20.40.45:619][  0]LogInit: Using OS detected language (en-GB).
[2025.05.23-20.40.45:619][  0]LogInit: Using OS detected locale (en-GB).
[2025.05.23-20.40.45:619][  0]LogTextLocalizationManager: No specific localization for 'en-GB' exists, so the 'en' localization will be used.
[2025.05.23-20.40.45:815][  0]LogInit: Setting process to per monitor DPI aware
[2025.05.23-20.40.45:862][  0]LogSlate: New Slate User Created.  User Index 0, Is Virtual User: 0
[2025.05.23-20.40.45:862][  0]LogSlate: Slate User Registered.  User Index 0, Is Virtual User: 0
[2025.05.23-20.40.46:139][  0]LogHMD: Failed to initialize OpenVR with code 110
[2025.05.23-20.40.46:139][  0]LogD3D11RHI: D3D11 adapters:
[2025.05.23-20.40.46:333][  0]LogD3D11RHI:    0. 'NVIDIA GeForce RTX 3060' (Feature Level 11_0)
[2025.05.23-20.40.46:333][  0]LogD3D11RHI:       12115/0/16341 MB DedicatedVideo/DedicatedSystem/SharedSystem, Outputs:3, VendorId:0x10de
[2025.05.23-20.40.46:335][  0]LogD3D11RHI:    1. 'Microsoft Basic Render Driver' (Feature Level 11_0)
[2025.05.23-20.40.46:335][  0]LogD3D11RHI:       0/0/16341 MB DedicatedVideo/DedicatedSystem/SharedSystem, Outputs:0, VendorId:0x1414
[2025.05.23-20.40.46:335][  0]LogD3D11RHI: Chosen D3D11 Adapter: 0
[2025.05.23-20.40.46:342][  0]LogD3D11RHI: Creating new Direct3DDevice
[2025.05.23-20.40.46:342][  0]LogD3D11RHI:     GPU DeviceId: 0x2504 (for the marketing name, search the web for "GPU Device Id")
[2025.05.23-20.40.46:342][  0]LogWindows: EnumDisplayDevices:
[2025.05.23-20.40.46:342][  0]LogWindows:    0. 'NVIDIA GeForce RTX 3060' (P:1 D:1)
[2025.05.23-20.40.46:343][  0]LogWindows:    1. 'NVIDIA GeForce RTX 3060' (P:0 D:1)
[2025.05.23-20.40.46:343][  0]LogWindows:    2. 'NVIDIA GeForce RTX 3060' (P:0 D:1)
[2025.05.23-20.40.46:343][  0]LogWindows:    3. 'NVIDIA GeForce RTX 3060' (P:0 D:0)
[2025.05.23-20.40.46:343][  0]LogWindows: DebugString: FoundDriverCount:4 
[2025.05.23-20.40.46:343][  0]LogD3D11RHI:     Adapter Name: NVIDIA GeForce RTX 3060
[2025.05.23-20.40.46:343][  0]LogD3D11RHI:   Driver Version: 576.40 (internal:32.0.15.7640, unified:576.40)
[2025.05.23-20.40.46:343][  0]LogD3D11RHI:      Driver Date: 5-6-2025
[2025.05.23-20.40.46:343][  0]LogRHI: Texture pool is 8480 MB (70% of 12115 MB)
[2025.05.23-20.40.46:465][  0]LogD3D11RHI: Async texture creation enabled
[2025.05.23-20.40.46:490][  0]LogD3D11RHI: GPU Timing Frequency: 1000.000000 (Debug: 2 2)
[2025.05.23-20.40.46:800][  0]LogTemp: Display: Module 'AllDesktopTargetPlatform' loaded TargetPlatform 'AllDesktop'
[2025.05.23-20.40.46:810][  0]LogTemp: Display: Module 'MacClientTargetPlatform' loaded TargetPlatform 'MacClient'
[2025.05.23-20.40.46:822][  0]LogTemp: Display: Module 'MacNoEditorTargetPlatform' loaded TargetPlatform 'MacNoEditor'
[2025.05.23-20.40.46:833][  0]LogTemp: Display: Module 'MacServerTargetPlatform' loaded TargetPlatform 'MacServer'
[2025.05.23-20.40.46:844][  0]LogTemp: Display: Module 'MacTargetPlatform' loaded TargetPlatform 'Mac'
[2025.05.23-20.40.46:855][  0]LogTemp: Display: Module 'WindowsClientTargetPlatform' loaded TargetPlatform 'WindowsClient'
[2025.05.23-20.40.46:866][  0]LogTemp: Display: Module 'WindowsNoEditorTargetPlatform' loaded TargetPlatform 'WindowsNoEditor'
[2025.05.23-20.40.46:877][  0]LogTemp: Display: Module 'WindowsServerTargetPlatform' loaded TargetPlatform 'WindowsServer'
[2025.05.23-20.40.46:884][  0]LogTemp: Display: Module 'WindowsTargetPlatform' loaded TargetPlatform 'Windows'
[2025.05.23-20.40.46:914][  0]LogTemp: Display: Module 'AndroidTargetPlatform' loaded TargetPlatform 'Android'
[2025.05.23-20.40.46:914][  0]LogTemp: Display: Module 'AndroidTargetPlatform' loaded TargetPlatform 'Android_ASTC'
[2025.05.23-20.40.46:914][  0]LogTemp: Display: Module 'AndroidTargetPlatform' loaded TargetPlatform 'Android_ATC'
[2025.05.23-20.40.46:914][  0]LogTemp: Display: Module 'AndroidTargetPlatform' loaded TargetPlatform 'Android_DXT'
[2025.05.23-20.40.46:914][  0]LogTemp: Display: Module 'AndroidTargetPlatform' loaded TargetPlatform 'Android_ETC1'
[2025.05.23-20.40.46:914][  0]LogTemp: Display: Module 'AndroidTargetPlatform' loaded TargetPlatform 'Android_ETC1a'
[2025.05.23-20.40.46:914][  0]LogTemp: Display: Module 'AndroidTargetPlatform' loaded TargetPlatform 'Android_ETC2'
[2025.05.23-20.40.46:914][  0]LogTemp: Display: Module 'AndroidTargetPlatform' loaded TargetPlatform 'Android_PVRTC'
[2025.05.23-20.40.46:914][  0]LogTemp: Display: Module 'AndroidTargetPlatform' loaded TargetPlatform 'AndroidClient'
[2025.05.23-20.40.46:914][  0]LogTemp: Display: Module 'AndroidTargetPlatform' loaded TargetPlatform 'Android_ASTCClient'
[2025.05.23-20.40.46:914][  0]LogTemp: Display: Module 'AndroidTargetPlatform' loaded TargetPlatform 'Android_ATCClient'
[2025.05.23-20.40.46:914][  0]LogTemp: Display: Module 'AndroidTargetPlatform' loaded TargetPlatform 'Android_DXTClient'
[2025.05.23-20.40.46:914][  0]LogTemp: Display: Module 'AndroidTargetPlatform' loaded TargetPlatform 'Android_ETC1Client'
[2025.05.23-20.40.46:914][  0]LogTemp: Display: Module 'AndroidTargetPlatform' loaded TargetPlatform 'Android_ETC1aClient'
[2025.05.23-20.40.46:914][  0]LogTemp: Display: Module 'AndroidTargetPlatform' loaded TargetPlatform 'Android_ETC2Client'
[2025.05.23-20.40.46:914][  0]LogTemp: Display: Module 'AndroidTargetPlatform' loaded TargetPlatform 'Android_PVRTCClient'
[2025.05.23-20.40.46:914][  0]LogTemp: Display: Module 'AndroidTargetPlatform' loaded TargetPlatform 'Android_Multi'
[2025.05.23-20.40.46:914][  0]LogTemp: Display: Module 'AndroidTargetPlatform' loaded TargetPlatform 'Android_MultiClient'
[2025.05.23-20.40.46:920][  0]LogTemp: Display: Module 'HTML5TargetPlatform' loaded TargetPlatform 'HTML5'
[2025.05.23-20.40.46:947][  0]LogTemp: Display: Module 'IOSTargetPlatform' loaded TargetPlatform 'IOSClient'
[2025.05.23-20.40.46:947][  0]LogTemp: Display: Module 'IOSTargetPlatform' loaded TargetPlatform 'IOS'
[2025.05.23-20.40.46:962][  0]LogTemp: Display: Module 'TVOSTargetPlatform' loaded TargetPlatform 'TVOSClient'
[2025.05.23-20.40.46:962][  0]LogTemp: Display: Module 'TVOSTargetPlatform' loaded TargetPlatform 'TVOS'
[2025.05.23-20.40.46:971][  0]LogTemp: Display: Module 'LinuxClientTargetPlatform' loaded TargetPlatform 'LinuxClient'
[2025.05.23-20.40.46:981][  0]LogTemp: Display: Module 'LinuxNoEditorTargetPlatform' loaded TargetPlatform 'LinuxNoEditor'
[2025.05.23-20.40.46:990][  0]LogTemp: Display: Module 'LinuxServerTargetPlatform' loaded TargetPlatform 'LinuxServer'
[2025.05.23-20.40.47:001][  0]LogTemp: Display: Module 'LinuxTargetPlatform' loaded TargetPlatform 'Linux'
[2025.05.23-20.40.47:024][  0]LogTemp: Display: Module 'LuminTargetPlatform' loaded TargetPlatform 'Lumin'
[2025.05.23-20.40.47:024][  0]LogTemp: Display: Module 'LuminTargetPlatform' loaded TargetPlatform 'LuminClient'
[2025.05.23-20.40.47:024][  0]LogTargetPlatformManager: Display: Building Assets For Windows
[2025.05.23-20.40.47:064][  0]LogAudioDebug: Display: Lib vorbis DLL was dynamically loaded.
[2025.05.23-20.40.47:222][  0]LogShaderCompilers: Guid format shader working directory is 21 characters bigger than the processId version (H:/homebound/project file/Intermediate/Shaders/WorkingDirectory/7796/).
[2025.05.23-20.40.47:222][  0]LogShaderCompilers: Cleaned the shader compiler working directory 'C:/Users/zack1/AppData/Local/Temp/UnrealShaderWorkingDir/50956D5840DFAA64BDE90C8ED627B99F/'.
[2025.05.23-20.40.47:224][  0]LogXGEController: Cleaning working directory: C:/Users/zack1/AppData/Local/Temp/UnrealXGEWorkingDir/
[2025.05.23-20.40.47:225][  0]LogXGEController: Cannot use XGE Controller as Incredibuild is not installed on this machine.
[2025.05.23-20.40.47:225][  0]LogShaderCompilers: Cannot use XGE Shader Compiler as Incredibuild is not installed on this machine.
[2025.05.23-20.40.47:225][  0]LogShaderCompilers: Display: Using Local Shader Compiler.
[2025.05.23-20.40.47:827][  0]LogDerivedDataCache: Display: Max Cache Size: 512 MB
[2025.05.23-20.40.47:892][  0]LogDerivedDataCache: Loaded boot cache 0.07s 73MB C:/Users/zack1/AppData/Local/UnrealEngine/4.23/DerivedDataCache/Boot.ddc.
[2025.05.23-20.40.47:892][  0]LogDerivedDataCache: Display: Loaded Boot cache: C:/Users/zack1/AppData/Local/UnrealEngine/4.23/DerivedDataCache/Boot.ddc
[2025.05.23-20.40.47:892][  0]LogDerivedDataCache: FDerivedDataBackendGraph:  Pak pak cache file H:/homebound/project file/DerivedDataCache/DDC.ddp not found, will not use a pak cache.
[2025.05.23-20.40.47:892][  0]LogDerivedDataCache: Unable to find inner node Pak for hierarchical cache Hierarchy.
[2025.05.23-20.40.47:892][  0]LogDerivedDataCache: FDerivedDataBackendGraph:  CompressedPak pak cache file H:/homebound/project file/DerivedDataCache/Compressed.ddp not found, will not use a pak cache.
[2025.05.23-20.40.47:892][  0]LogDerivedDataCache: Unable to find inner node CompressedPak for hierarchical cache Hierarchy.
[2025.05.23-20.40.47:902][  0]LogDerivedDataCache: Display: Pak cache opened for reading ../../../Engine/DerivedDataCache/Compressed.ddp.
[2025.05.23-20.40.47:902][  0]LogDerivedDataCache: FDerivedDataBackendGraph:  EnterprisePak pak cache file ../../../Enterprise/DerivedDataCache/Compressed.ddp not found, will not use a pak cache.
[2025.05.23-20.40.47:902][  0]LogDerivedDataCache: Unable to find inner node EnterprisePak for hierarchical cache Hierarchy.
[2025.05.23-20.40.47:903][  0]LogDerivedDataCache: Using Local data cache path C:/Users/zack1/AppData/Local/UnrealEngine/Common/DerivedDataCache: Writable
[2025.05.23-20.40.47:903][  0]LogDerivedDataCache: Shared data cache path not found in *engine.ini, will not use an Shared cache.
[2025.05.23-20.40.47:903][  0]LogDerivedDataCache: Unable to find inner node Shared for hierarchical cache Hierarchy.
[2025.05.23-20.40.47:923][  0]LogMaterial: Verifying Global Shaders for PCD3D_SM5
[2025.05.23-20.40.47:926][  0]LogSlate: Using FreeType 2.6.0
[2025.05.23-20.40.47:927][  0]LogSlate: SlateFontServices - WITH_FREETYPE: 1, WITH_HARFBUZZ: 1
[2025.05.23-20.40.48:027][  0]LogAssetRegistry: FAssetRegistry took 0.0020 seconds to start up
[2025.05.23-20.40.48:322][  0]LogInit: Selected Device Profile: [Windows]
[2025.05.23-20.40.48:533][  0]LogMeshReduction: Using QuadricMeshReduction for automatic static mesh reduction
[2025.05.23-20.40.48:533][  0]LogMeshReduction: Using SimplygonMeshReduction for automatic skeletal mesh reduction
[2025.05.23-20.40.48:533][  0]LogMeshReduction: Using ProxyLODMeshReduction for automatic mesh merging
[2025.05.23-20.40.48:533][  0]LogMeshReduction: No distributed automatic mesh merging module available
[2025.05.23-20.40.48:533][  0]LogMeshMerging: No distributed automatic mesh merging module available
[2025.05.23-20.40.48:552][  0]LogNetVersion: Homebound 1.0.0, NetCL: 8386587, EngineNetVer: 11, GameNetVer: 0 (Checksum: 3787633708)
[2025.05.23-20.40.49:441][  0]LogPackageLocalizationCache: Processed 12 localized package path(s) for 1 prioritized culture(s) in 0.522006 seconds
[2025.05.23-20.40.49:445][  0]LogUObjectArray: 43444 objects as part of root set at end of initial load.
[2025.05.23-20.40.49:445][  0]LogUObjectAllocator: 7548648 out of 0 bytes used by permanent object pool.
[2025.05.23-20.40.49:445][  0]LogUObjectArray: CloseDisregardForGC: 0/0 objects in disregard for GC pool
[2025.05.23-20.40.51:038][  0]LogTcpMessaging: Initializing TcpMessaging bridge
[2025.05.23-20.40.51:046][  0]LogUdpMessaging: Initializing bridge on interface 0.0.0.0:0 to multicast group 230.0.0.1:6666.
[2025.05.23-20.40.51:175][  0]SourceControl: Source control is disabled
[2025.05.23-20.40.51:175][  0]SourceControl: Source control is disabled
[2025.05.23-20.40.51:189][  0]SourceControl: Source control is disabled
[2025.05.23-20.40.51:196][  0]SourceControl: Source control is disabled
[2025.05.23-20.40.51:215][  0]LogVSAccessor: Display: Unable to create Visual Studio setup instance: 80040154
[2025.05.23-20.40.51:217][  0]LogVSAccessor: Display: Unable to create Visual Studio setup instance: 80040154
[2025.05.23-20.40.51:479][  0]LogAndroidPermission: UAndroidPermissionCallbackProxy::GetInstance
[2025.05.23-20.40.51:697][  0]LogOcInput: OculusInput pre-init called
[2025.05.23-20.40.51:713][  0]LogWindows: Failed to load 'OVRPlugin.dll' (GetLastError=126)
[2025.05.23-20.40.51:713][  0]LogWindows: File 'OVRPlugin.dll' does not exist
[2025.05.23-20.40.51:808][  0]LogEngine: Initializing Engine...
[2025.05.23-20.40.51:809][  0]LogHMD: Failed to initialize OpenVR with code 110
[2025.05.23-20.40.51:810][  0]LogStats: UGameplayTagsManager::InitializeManager -  0.000 s
[2025.05.23-20.40.51:995][  0]LogInit: Initializing FReadOnlyCVARCache
[2025.05.23-20.40.52:018][  0]LogAIModule: Creating AISystem for world Untitled
[2025.05.23-20.40.52:050][  0]LogInit: XAudio2 using 'Headphones (Soundcore Q30)' : 2 channels at 48 kHz using 16 bits per sample (channel mask 0x3)
[2025.05.23-20.40.52:071][  0]LogInit: FAudioDevice initialized.
[2025.05.23-20.40.52:071][  0]LogNetVersion: Set ProjectVersion to 1.0.0.0. Version Checksum will be recalculated on next use.
[2025.05.23-20.40.52:104][  0]LogDerivedDataCache: Saved boot cache 0.03s 73MB C:/Users/zack1/AppData/Local/UnrealEngine/4.23/DerivedDataCache/Boot.ddc.
[2025.05.23-20.40.52:104][  0]LogInit: Texture streaming: Enabled
[2025.05.23-20.40.52:137][  0]LogEngineSessionManager: EngineSessionManager initialized
[2025.05.23-20.40.52:137][  0]LogEditorSessionSummary: Verbose: Initializing EditorSessionSummaryWriter for editor session tracking
[2025.05.23-20.40.52:140][  0]LogEditorSessionSummary: EditorSessionSummaryWriter initialized
[2025.05.23-20.40.52:683][  0]LogInit: Transaction tracking system initialized
[2025.05.23-20.40.52:749][  0]BlueprintLog: New page: Editor Load
[2025.05.23-20.40.52:930][  0]LocalizationService: Localization service is disabled
[2025.05.23-20.40.53:073][  0]LogVSAccessor: Display: Unable to create Visual Studio setup instance: 80040154
[2025.05.23-20.40.53:074][  0]LogVSAccessor: Display: Unable to create Visual Studio setup instance: 80040154
[2025.05.23-20.40.53:238][  0]LogFileCache: Scanning file cache for directory 'H:/homebound/project file/Content/' took 0.00s
[2025.05.23-20.40.53:238][  0]LogCook: Display: Max memory allowance for cook 16384mb min free memory 0mb
[2025.05.23-20.40.53:238][  0]LogCook: Display: Mobile HDR setting 1
[2025.05.23-20.40.53:582][  0]SourceControl: Source control is disabled
[2025.05.23-20.40.53:582][  0]Cmd: MAP LOAD FILE="H:/homebound/project file/Content/2DSideScrollerBP/Maps/2DSideScrollerExampleMap.umap" TEMPLATE=0 SHOWPROGRESS=1 FEATURELEVEL=3
[2025.05.23-20.40.53:584][  0]LightingResults: New page: Lighting Build
[2025.05.23-20.40.53:586][  0]LogWorld: UWorld::CleanupWorld for Untitled, bSessionEnded=true, bCleanupResources=true
[2025.05.23-20.40.53:587][  0]MapCheck: New page: Map Check
[2025.05.23-20.40.53:587][  0]LightingResults: New page: Lighting Build
[2025.05.23-20.40.53:614][  0]LogUObjectHash: Compacting FUObjectHashTables data took   1.19ms
[2025.05.23-20.40.53:731][  0]LogAIModule: Creating AISystem for world 2DSideScrollerExampleMap
[2025.05.23-20.40.53:740][  0]LogEditorServer: Finished looking for orphan Actors (0.000 secs)
[2025.05.23-20.40.53:770][  0]LogUObjectHash: Compacting FUObjectHashTables data took   1.55ms
[2025.05.23-20.40.53:770][  0]Cmd: MAP CHECKDEP NOCLEARLOG
[2025.05.23-20.40.53:770][  0]MapCheck: Map check complete: 0 Error(s), 0 Warning(s), took 0.213ms to complete.
[2025.05.23-20.40.53:770][  0]LogFileHelpers: Loading map '2DSideScrollerExampleMap' took 0.187
[2025.05.23-20.40.53:878][  0]LogSlate: Updating window title bar state: overlay mode, drag disabled, window buttons hidden, title bar hidden
[2025.05.23-20.40.53:886][  0]LogSlate: Updating window title bar state: overlay mode, drag disabled, window buttons hidden, title bar hidden
[2025.05.23-20.40.53:892][  0]LogSlate: Updating window title bar state: overlay mode, drag disabled, window buttons hidden, title bar hidden
[2025.05.23-20.40.53:898][  0]LogSlate: Updating window title bar state: overlay mode, drag disabled, window buttons hidden, title bar hidden
[2025.05.23-20.40.53:911][  0]LogCollectionManager: Loaded 0 collections in 0.001384 seconds
[2025.05.23-20.40.53:922][  0]LogFileCache: Scanning file cache for directory 'H:/homebound/project file/Saved/Collections/' took 0.00s
[2025.05.23-20.40.53:922][  0]LogFileCache: Scanning file cache for directory 'H:/homebound/project file/Content/Developers/zack1/Collections/' took 0.00s
[2025.05.23-20.40.53:922][  0]LogFileCache: Scanning file cache for directory 'H:/homebound/project file/Content/Collections/' took 0.00s
[2025.05.23-20.40.53:922][  0]LogCollectionManager: Rebuilt the GUID cache for 0 collections in 0.000001 seconds
[2025.05.23-20.40.53:930][  0]LogContentBrowser: Native class hierarchy populated in 0.0064 seconds. Added 2863 classes and 680 folders.
[2025.05.23-20.40.53:937][  0]LogContentBrowser: Native class hierarchy updated for 'WidgetCarousel' in 0.0002 seconds. Added 0 classes and 0 folders.
[2025.05.23-20.40.54:022][  0]LogContentBrowser: Native class hierarchy updated for 'AddContentDialog' in 0.0002 seconds. Added 0 classes and 0 folders.
[2025.05.23-20.40.54:035][  0]LogContentBrowser: Native class hierarchy updated for 'SceneOutliner' in 0.0002 seconds. Added 1 classes and 2 folders.
[2025.05.23-20.40.54:804][  0]LogSlate: Only BGRA pngs, bmps or icos are supported in by External Image Picker
[2025.05.23-20.40.54:841][  0]LogSlate: Took 0.000581 seconds to synchronously load lazily loaded font '../../../Engine/Content/Slate/Fonts/Roboto-Regular.ttf' (155K)
[2025.05.23-20.40.54:842][  0]LogSlate: Took 0.000489 seconds to synchronously load lazily loaded font '../../../Engine/Content/Slate/Fonts/Roboto-Bold.ttf' (160K)
[2025.05.23-20.40.54:847][  0]LogSlate: Took 0.000479 seconds to synchronously load lazily loaded font '../../../Engine/Content/Editor/Slate/Fonts/FontAwesome.ttf' (139K)
[2025.05.23-20.40.54:903][  0]LogRenderer: Reallocating scene render targets to support 1288x616 Format 10 NumSamples 1 (Frame:1).
[2025.05.23-20.40.54:980][  0]LogContentBrowser: Native class hierarchy updated for 'HierarchicalLODOutliner' in 0.0002 seconds. Added 0 classes and 0 folders.
[2025.05.23-20.40.54:980][  0]LogLoad: (Engine Initialization) Total time: 12.08 seconds
[2025.05.23-20.40.54:980][  0]LogLoad: (Engine Initialization) Total Blueprint compile time: 0.00 seconds
[2025.05.23-20.40.55:049][  0]LogContentStreaming: Texture pool size now 1000 MB
[2025.05.23-20.40.55:165][  2]LogAssetRegistry: Asset discovery search completed in 7.1392 seconds
[2025.05.23-20.40.55:168][  2]LogCollectionManager: Rebuilt the object cache for 0 collections in 0.000005 seconds (found 0 objects)
[2025.05.23-20.40.55:168][  2]LogCollectionManager: Fixed up redirectors for 0 collections in 0.000057 seconds (updated 0 objects)
[2025.05.23-20.40.56:484][  6]LogSlate: Took 0.000834 seconds to synchronously load lazily loaded font '../../../Engine/Content/Slate/Fonts/Roboto-Light.ttf' (167K)
[2025.05.23-20.41.22:470][264]LogSlate: FSceneViewport::OnFocusLost() reason 0
[2025.05.23-20.41.23:857][429]LogSlate: FSceneViewport::OnFocusLost() reason 0
[2025.05.23-20.41.24:022][446]LogUObjectHash: Compacting FUObjectHashTables data took   0.48ms
[2025.05.23-20.41.24:112][446]LogSlate: Window 'Project Settings' being destroyed
[2025.05.23-20.41.24:114][446]LogDirectoryWatcher: A directory notification for '../../../Engine/Plugins/' was aborted.
[2025.05.23-20.41.24:129][446]LogSlate: Window 'Message Log' being destroyed
[2025.05.23-20.41.24:132][446]LogSlate: Window 'Find in Blueprints' being destroyed
[2025.05.23-20.41.24:134][446]LogSlate: Window 'Homebound - Unreal Editor' being destroyed
[2025.05.23-20.41.24:134][446]LogWindowsTextInputMethodSystem: Display: IME system now deactivated.
[2025.05.23-20.41.24:226][447]Cmd: QUIT_EDITOR
[2025.05.23-20.41.24:244][447]LogExit: Preparing to exit.
[2025.05.23-20.41.25:069][447]LogWorld: UWorld::CleanupWorld for World_0, bSessionEnded=true, bCleanupResources=true
[2025.05.23-20.41.25:145][447]LogWorld: UWorld::CleanupWorld for None, bSessionEnded=true, bCleanupResources=true
[2025.05.23-20.41.25:145][447]LogExit: Editor shut down
[2025.05.23-20.41.25:145][447]LogDemo: Cleaned up 0 splitscreen connections with owner deletion
[2025.05.23-20.41.25:147][447]LogExit: Transaction tracking system shut down
[2025.05.23-20.41.25:662][447]LogExit: Object subsystem successfully closed.
[2025.05.23-20.41.25:686][447]LogShaderCompilers: Display: Shaders left to compile 0
[2025.05.23-20.41.25:713][447]LogModuleManager: Shutting down and abandoning module HierarchicalLODOutliner (670)
[2025.05.23-20.41.25:713][447]LogModuleManager: Shutting down and abandoning module ExternalImagePicker (668)
[2025.05.23-20.41.25:713][447]LogModuleManager: Shutting down and abandoning module SceneOutliner (666)
[2025.05.23-20.41.25:713][447]LogModuleManager: Shutting down and abandoning module AddContentDialog (664)
[2025.05.23-20.41.25:713][447]LogModuleManager: Shutting down and abandoning module WidgetCarousel (663)
[2025.05.23-20.41.25:713][447]LogModuleManager: Shutting down and abandoning module EditorWidgets (660)
[2025.05.23-20.41.25:713][447]LogModuleManager: Shutting down and abandoning module CollectionManager (658)
[2025.05.23-20.41.25:713][447]LogModuleManager: Shutting down and abandoning module StatsViewer (656)
[2025.05.23-20.41.25:713][447]LogModuleManager: Shutting down and abandoning module VirtualTexturingEditor (654)
[2025.05.23-20.41.25:713][447]LogModuleManager: Shutting down and abandoning module FoliageEdit (652)
[2025.05.23-20.41.25:713][447]LogModuleManager: Shutting down and abandoning module LandscapeEditor (650)
[2025.05.23-20.41.25:713][447]LogModuleManager: Shutting down and abandoning module MeshPaintMode (648)
[2025.05.23-20.41.25:713][447]LogModuleManager: Shutting down and abandoning module SceneDepthPickerMode (646)
[2025.05.23-20.41.25:713][447]LogModuleManager: Shutting down and abandoning module ActorPickerMode (644)
[2025.05.23-20.41.25:713][447]LogModuleManager: Shutting down and abandoning module GeometryMode (642)
[2025.05.23-20.41.25:713][447]LogModuleManager: Shutting down and abandoning module TextureAlignMode (640)
[2025.05.23-20.41.25:713][447]LogModuleManager: Shutting down and abandoning module BspMode (638)
[2025.05.23-20.41.25:714][447]LogModuleManager: Shutting down and abandoning module PIEPreviewDeviceProfileSelector (636)
[2025.05.23-20.41.25:714][447]LogModuleManager: Shutting down and abandoning module SequenceRecorderSections (634)
[2025.05.23-20.41.25:714][447]LogModuleManager: Shutting down and abandoning module AutomationWorker (632)
[2025.05.23-20.41.25:714][447]LogModuleManager: Shutting down and abandoning module OculusMR (630)
[2025.05.23-20.41.25:714][447]LogModuleManager: Shutting down and abandoning module AudioCaptureEditor (628)
[2025.05.23-20.41.25:714][447]LogModuleManager: Shutting down and abandoning module MatineeToLevelSequence (626)
[2025.05.23-20.41.25:714][447]LogModuleManager: Shutting down and abandoning module LevelSequenceEditor (624)
[2025.05.23-20.41.25:714][447]LogModuleManager: Shutting down and abandoning module PlacementMode (623)
[2025.05.23-20.41.25:714][447]LogModuleManager: Shutting down and abandoning module MaterialEditor (622)
[2025.05.23-20.41.25:714][447]LogModuleManager: Shutting down and abandoning module ActorSequenceEditor (618)
[2025.05.23-20.41.25:714][447]LogModuleManager: Shutting down and abandoning module WmfMediaFactory (616)
[2025.05.23-20.41.25:714][447]LogModuleManager: Shutting down and abandoning module WmfMediaEditor (614)
[2025.05.23-20.41.25:714][447]LogModuleManager: Shutting down and abandoning module WebMMediaFactory (612)
[2025.05.23-20.41.25:714][447]LogModuleManager: Shutting down and abandoning module WebMMediaEditor (610)
[2025.05.23-20.41.25:714][447]LogModuleManager: Shutting down and abandoning module WebMMedia (608)
[2025.05.23-20.41.25:714][447]LogModuleManager: Shutting down and abandoning module MediaPlayerEditor (606)
[2025.05.23-20.41.25:714][447]LogModuleManager: Shutting down and abandoning module MediaCompositingEditor (604)
[2025.05.23-20.41.25:714][447]LogModuleManager: Shutting down and abandoning module SequenceRecorder (603)
[2025.05.23-20.41.25:714][447]LogModuleManager: Shutting down and abandoning module OpenExrWrapper (600)
[2025.05.23-20.41.25:714][447]LogModuleManager: Shutting down and abandoning module ImgMediaFactory (598)
[2025.05.23-20.41.25:714][447]LogModuleManager: Shutting down and abandoning module ImgMediaEditor (596)
[2025.05.23-20.41.25:714][447]LogModuleManager: Shutting down and abandoning module AvfMediaFactory (594)
[2025.05.23-20.41.25:714][447]LogModuleManager: Shutting down and abandoning module AvfMediaEditor (592)
[2025.05.23-20.41.25:714][447]LogModuleManager: Shutting down and abandoning module AndroidMediaFactory (590)
[2025.05.23-20.41.25:714][447]LogModuleManager: Shutting down and abandoning module AndroidMediaEditor (588)
[2025.05.23-20.41.25:714][447]LogModuleManager: Shutting down and abandoning module MagicLeapCameraPreviewFactory (586)
[2025.05.23-20.41.25:714][447]LogModuleManager: Shutting down and abandoning module MagicLeapMediaCodecFactory (584)
[2025.05.23-20.41.25:714][447]LogModuleManager: Shutting down and abandoning module MagicLeapMediaFactory (582)
[2025.05.23-20.41.25:714][447]LogModuleManager: Shutting down and abandoning module MagicLeapMediaEditor (580)
[2025.05.23-20.41.25:714][447]LogModuleManager: Shutting down and abandoning module CharacterAI (578)
[2025.05.23-20.41.25:714][447]LogModuleManager: Shutting down and abandoning module SmartSnapping (576)
[2025.05.23-20.41.25:715][447]LogModuleManager: Shutting down and abandoning module SessionServices (574)
[2025.05.23-20.41.25:715][447]LogModuleManager: Shutting down and abandoning module MeshPaint (572)
[2025.05.23-20.41.25:715][447]LogModuleManager: Shutting down and abandoning module ViewportSnapping (570)
[2025.05.23-20.41.25:715][447]LogModuleManager: Shutting down and abandoning module ViewportInteraction (568)
[2025.05.23-20.41.25:715][447]LogModuleManager: Shutting down and abandoning module ClothPainter (566)
[2025.05.23-20.41.25:715][447]LogModuleManager: Shutting down and abandoning module SkeletalMeshEditor (565)
[2025.05.23-20.41.25:715][447]LogModuleManager: Shutting down and abandoning module LogVisualizer (562)
[2025.05.23-20.41.25:715][447]LogModuleManager: Shutting down and abandoning module IntroTutorials (560)
[2025.05.23-20.41.25:715][447]LogModuleManager: Shutting down and abandoning module GameProjectGeneration (559)
[2025.05.23-20.41.25:715][447]LogModuleManager: Shutting down and abandoning module LuminPlatformEditor (556)
[2025.05.23-20.41.25:715][447]LogModuleManager: Shutting down and abandoning module IOSPlatformEditor (554)
[2025.05.23-20.41.25:715][447]LogModuleManager: Shutting down and abandoning module HTML5PlatformEditor (552)
[2025.05.23-20.41.25:715][447]LogModuleManager: Shutting down and abandoning module AndroidPlatformEditor (550)
[2025.05.23-20.41.25:715][447]LogModuleManager: Shutting down and abandoning module AndroidDeviceDetection (549)
[2025.05.23-20.41.26:030][447]LogModuleManager: Shutting down and abandoning module WindowsPlatformEditor (546)
[2025.05.23-20.41.26:030][447]LogModuleManager: Shutting down and abandoning module LuminRuntimeSettings (544)
[2025.05.23-20.41.26:030][447]LogModuleManager: Shutting down and abandoning module IOSRuntimeSettings (542)
[2025.05.23-20.41.26:030][447]LogModuleManager: Shutting down and abandoning module AndroidRuntimeSettings (540)
[2025.05.23-20.41.26:030][447]LogModuleManager: Shutting down and abandoning module TimeManagementEditor (538)
[2025.05.23-20.41.26:030][447]LogModuleManager: Shutting down and abandoning module InputBindingEditor (536)
[2025.05.23-20.41.26:030][447]LogModuleManager: Shutting down and abandoning module MergeActors (534)
[2025.05.23-20.41.26:030][447]LogModuleManager: Shutting down and abandoning module LocalizationDashboard (532)
[2025.05.23-20.41.26:030][447]LogModuleManager: Shutting down and abandoning module LocalizationService (531)
[2025.05.23-20.41.26:030][447]LogModuleManager: Shutting down and abandoning module HardwareTargeting (528)
[2025.05.23-20.41.26:030][447]LogModuleManager: Shutting down and abandoning module DeviceProfileEditor (526)
[2025.05.23-20.41.26:030][447]LogModuleManager: Shutting down and abandoning module UndoHistory (524)
[2025.05.23-20.41.26:030][447]LogModuleManager: Shutting down and abandoning module XmlParser (522)
[2025.05.23-20.41.26:030][447]LogModuleManager: Shutting down and abandoning module Blutility (520)
[2025.05.23-20.41.26:030][447]LogModuleManager: Shutting down and abandoning module ProjectSettingsViewer (518)
[2025.05.23-20.41.26:030][447]LogModuleManager: Shutting down and abandoning module ProjectTargetPlatformEditor (517)
[2025.05.23-20.41.26:030][447]LogModuleManager: Shutting down and abandoning module EditorSettingsViewer (514)
[2025.05.23-20.41.26:030][447]LogModuleManager: Shutting down and abandoning module SettingsEditor (512)
[2025.05.23-20.41.26:031][447]LogModuleManager: Shutting down and abandoning module ProjectLauncher (510)
[2025.05.23-20.41.26:031][447]LogModuleManager: Shutting down and abandoning module SessionFrontend (508)
[2025.05.23-20.41.26:031][447]LogModuleManager: Shutting down and abandoning module ProfilerClient (506)
[2025.05.23-20.41.26:031][447]LogModuleManager: Shutting down and abandoning module DeviceManager (504)
[2025.05.23-20.41.26:031][447]LogModuleManager: Shutting down and abandoning module TargetDeviceServices (503)
[2025.05.23-20.41.26:062][447]LogModuleManager: Shutting down and abandoning module AutomationController (500)
[2025.05.23-20.41.26:062][447]LogModuleManager: Shutting down and abandoning module AutomationWindow (498)
[2025.05.23-20.41.26:062][447]LogModuleManager: Shutting down and abandoning module Layers (496)
[2025.05.23-20.41.26:062][447]LogModuleManager: Shutting down and abandoning module ComponentVisualizers (494)
[2025.05.23-20.41.26:062][447]LogModuleManager: Shutting down and abandoning module DetailCustomizations (492)
[2025.05.23-20.41.26:062][447]LogModuleManager: Shutting down and abandoning module PackagesDialog (490)
[2025.05.23-20.41.26:062][447]LogModuleManager: Shutting down and abandoning module AnimationBlueprintEditor (488)
[2025.05.23-20.41.26:062][447]LogModuleManager: Shutting down and abandoning module Persona (486)
[2025.05.23-20.41.26:062][447]LogModuleManager: Shutting down and abandoning module AdvancedPreviewScene (485)
[2025.05.23-20.41.26:062][447]LogModuleManager: Shutting down and abandoning module AnimGraph (483)
[2025.05.23-20.41.26:062][447]LogModuleManager: Shutting down and abandoning module Kismet (480)
[2025.05.23-20.41.26:063][447]LogModuleManager: Shutting down and abandoning module KismetWidgets (479)
[2025.05.23-20.41.26:063][447]LogModuleManager: Shutting down and abandoning module GraphEditor (476)
[2025.05.23-20.41.26:063][447]LogModuleManager: Shutting down and abandoning module StructViewer (474)
[2025.05.23-20.41.26:063][447]LogModuleManager: Shutting down and abandoning module ClassViewer (472)
[2025.05.23-20.41.26:063][447]LogModuleManager: Shutting down and abandoning module Toolbox (470)
[2025.05.23-20.41.26:063][447]LogModuleManager: Shutting down and abandoning module ModuleUI (468)
[2025.05.23-20.41.26:063][447]LogModuleManager: Shutting down and abandoning module MovieSceneTools (466)
[2025.05.23-20.41.26:063][447]LogModuleManager: Shutting down and abandoning module OutputLog (464)
[2025.05.23-20.41.26:063][447]LogModuleManager: Shutting down and abandoning module GammaUI (462)
[2025.05.23-20.41.26:063][447]LogModuleManager: Shutting down and abandoning module Documentation (460)
[2025.05.23-20.41.26:063][447]LogModuleManager: Shutting down and abandoning module LiveCoding (458)
[2025.05.23-20.41.26:063][447]LogModuleManager: Shutting down and abandoning module LevelSequence (456)
[2025.05.23-20.41.26:063][447]LogModuleManager: Shutting down and abandoning module MovieSceneTracks (454)
[2025.05.23-20.41.26:063][447]LogModuleManager: Shutting down and abandoning module MovieScene (452)
[2025.05.23-20.41.26:064][447]LogModuleManager: Shutting down and abandoning module StreamingPauseRendering (450)
[2025.05.23-20.41.26:064][447]LogModuleManager: Shutting down and abandoning module LauncherPlatform (448)
[2025.05.23-20.41.26:064][447]LogModuleManager: Shutting down and abandoning module AnalyticsET (446)
[2025.05.23-20.41.26:064][447]LogModuleManager: Shutting down and abandoning module PortalServices (444)
[2025.05.23-20.41.26:064][447]LogModuleManager: Shutting down and abandoning module PortalRpc (442)
[2025.05.23-20.41.26:064][447]LogModuleManager: Shutting down and abandoning module MessagingRpc (440)
[2025.05.23-20.41.26:064][447]LogModuleManager: Shutting down and abandoning module AIModule (438)
[2025.05.23-20.41.26:064][447]LogModuleManager: Shutting down and abandoning module GameplayDebugger (437)
[2025.05.23-20.41.26:064][447]LogModuleManager: Shutting down and abandoning module AITestSuite (435)
[2025.05.23-20.41.26:064][447]LogModuleManager: Shutting down and abandoning module NavigationSystem (433)
[2025.05.23-20.41.26:064][447]LogModuleManager: Shutting down and abandoning module DesktopPlatform (430)
[2025.05.23-20.41.26:064][447]LogModuleManager: Shutting down and abandoning module ImageWriteQueue (428)
[2025.05.23-20.41.26:065][447]LogModuleManager: Shutting down and abandoning module ProfilerService (426)
[2025.05.23-20.41.26:074][447]LogModuleManager: Shutting down and abandoning module TaskGraph (424)
[2025.05.23-20.41.26:074][447]LogModuleManager: Shutting down and abandoning module ScreenshotTools (422)
[2025.05.23-20.41.26:074][447]LogModuleManager: Shutting down and abandoning module SteamVRController (420)
[2025.05.23-20.41.26:074][447]LogModuleManager: Shutting down and abandoning module ProceduralMeshComponentEditor (418)
[2025.05.23-20.41.26:074][447]LogModuleManager: Shutting down and abandoning module ProceduralMeshComponent (416)
[2025.05.23-20.41.26:074][447]LogModuleManager: Shutting down and abandoning module OculusEditor (414)
[2025.05.23-20.41.26:074][447]LogModuleManager: Shutting down and abandoning module OculusInput (412)
[2025.05.23-20.41.26:074][447]LogModuleManager: Shutting down and abandoning module MobilePatchingUtils (410)
[2025.05.23-20.41.26:074][447]LogModuleManager: Shutting down and abandoning module EditableMesh (408)
[2025.05.23-20.41.26:074][447]LogModuleManager: Shutting down and abandoning module CustomMeshComponent (406)
[2025.05.23-20.41.26:074][447]LogModuleManager: Shutting down and abandoning module CableComponent (404)
[2025.05.23-20.41.26:074][447]LogModuleManager: Shutting down and abandoning module AudioCapture (402)
[2025.05.23-20.41.26:074][447]LogModuleManager: Shutting down and abandoning module ArchVisCharacter (400)
[2025.05.23-20.41.26:074][447]LogModuleManager: Shutting down and abandoning module AppleImageUtilsBlueprintSupport (398)
[2025.05.23-20.41.26:074][447]LogModuleManager: Shutting down and abandoning module AppleImageUtils (396)
[2025.05.23-20.41.26:074][447]LogModuleManager: Shutting down and abandoning module AndroidPermission (394)
[2025.05.23-20.41.26:074][447]LogModuleManager: Shutting down and abandoning module NUTUnrealEngine4 (392)
[2025.05.23-20.41.26:074][447]LogModuleManager: Shutting down and abandoning module NetcodeUnitTest (390)
[2025.05.23-20.41.26:074][447]LogModuleManager: Shutting down and abandoning module MediaCompositing (388)
[2025.05.23-20.41.26:074][447]LogModuleManager: Shutting down and abandoning module ImgMedia (386)
[2025.05.23-20.41.26:074][447]LogModuleManager: Shutting down and abandoning module MagicLeapHelperVulkan (384)
[2025.05.23-20.41.26:074][447]LogModuleManager: Shutting down and abandoning module MagicLeapHelperOpenGL (382)
[2025.05.23-20.41.26:074][447]LogModuleManager: Shutting down and abandoning module MagicLeapAudio (380)
[2025.05.23-20.41.26:074][447]LogModuleManager: Shutting down and abandoning module HTML5Networking (378)
[2025.05.23-20.41.26:074][447]LogModuleManager: Shutting down and abandoning module GeometryCacheTracks (376)
[2025.05.23-20.41.26:074][447]LogModuleManager: Shutting down and abandoning module GeometryCacheSequencer (374)
[2025.05.23-20.41.26:074][447]LogModuleManager: Shutting down and abandoning module BackChannel (372)
[2025.05.23-20.41.26:074][447]LogModuleManager: Shutting down and abandoning module AutomationUtilsEditor (370)
[2025.05.23-20.41.26:074][447]LogModuleManager: Shutting down and abandoning module AutomationUtils (368)
[2025.05.23-20.41.26:074][447]LogModuleManager: Shutting down and abandoning module AlembicImporter (366)
[2025.05.23-20.41.26:074][447]LogModuleManager: Shutting down and abandoning module AlembicLibrary (365)
[2025.05.23-20.41.26:075][447]LogModuleManager: Shutting down and abandoning module GeometryCache (364)
[2025.05.23-20.41.26:075][447]LogModuleManager: Shutting down and abandoning module GeometryCacheEd (363)
[2025.05.23-20.41.26:075][447]LogModuleManager: Shutting down and abandoning module VariantManagerContent (358)
[2025.05.23-20.41.26:075][447]LogModuleManager: Shutting down and abandoning module DatasmithContentEditor (356)
[2025.05.23-20.41.26:075][447]LogModuleManager: Shutting down and abandoning module SpeedTreeImporter (354)
[2025.05.23-20.41.26:075][447]LogModuleManager: Shutting down and abandoning module PluginBrowser (352)
[2025.05.23-20.41.26:075][447]LogModuleManager: Shutting down and abandoning module MobileLauncherProfileWizard (350)
[2025.05.23-20.41.26:075][447]LogModuleManager: Shutting down and abandoning module MaterialAnalyzer (348)
[2025.05.23-20.41.26:075][447]LogModuleManager: Shutting down and abandoning module CurveEditorTools (346)
[2025.05.23-20.41.26:075][447]LogModuleManager: Shutting down and abandoning module CurveEditor (345)
[2025.05.23-20.41.26:075][447]LogModuleManager: Shutting down and abandoning module CryptoKeysOpenSSL (342)
[2025.05.23-20.41.26:075][447]LogModuleManager: Shutting down and abandoning module CryptoKeys (340)
[2025.05.23-20.41.26:075][447]LogModuleManager: Shutting down and abandoning module VisualStudioSourceCodeAccess (338)
[2025.05.23-20.41.26:075][447]LogModuleManager: Shutting down and abandoning module VisualStudioCodeSourceCodeAccess (336)
[2025.05.23-20.41.26:075][447]LogModuleManager: Shutting down and abandoning module UObjectPlugin (334)
[2025.05.23-20.41.26:075][447]LogModuleManager: Shutting down and abandoning module SubversionSourceControl (332)
[2025.05.23-20.41.26:075][447]LogModuleManager: Shutting down and abandoning module PerforceSourceControl (330)
[2025.05.23-20.41.26:075][447]LogModuleManager: Shutting down and abandoning module GitSourceControl (328)
[2025.05.23-20.41.26:075][447]LogModuleManager: Shutting down and abandoning module SourceControl (327)
[2025.05.23-20.41.26:075][447]LogModuleManager: Shutting down and abandoning module CLionSourceCodeAccess (324)
[2025.05.23-20.41.26:075][447]LogModuleManager: Shutting down and abandoning module AnimationSharingEd (322)
[2025.05.23-20.41.26:075][447]LogModuleManager: Shutting down and abandoning module ActorLayerUtilitiesEditor (320)
[2025.05.23-20.41.26:075][447]LogModuleManager: Shutting down and abandoning module ActorLayerUtilities (318)
[2025.05.23-20.41.26:075][447]LogModuleManager: Shutting down and abandoning module LightPropagationVolumeEditor (316)
[2025.05.23-20.41.26:075][447]LogModuleManager: Shutting down and abandoning module PaperTiledImporter (314)
[2025.05.23-20.41.26:075][447]LogModuleManager: Shutting down and abandoning module PaperSpriteSheetImporter (312)
[2025.05.23-20.41.26:075][447]LogModuleManager: Shutting down and abandoning module Paper2DEditor (310)
[2025.05.23-20.41.26:075][447]LogModuleManager: Shutting down and abandoning module SignificanceManager (308)
[2025.05.23-20.41.26:075][447]LogModuleManager: Shutting down and abandoning module RuntimePhysXCooking (306)
[2025.05.23-20.41.26:075][447]LogModuleManager: Shutting down and abandoning module PhysXVehiclesEditor (304)
[2025.05.23-20.41.26:075][447]LogModuleManager: Shutting down and abandoning module LocationServicesBPLibrary (300)
[2025.05.23-20.41.26:075][447]LogModuleManager: Shutting down and abandoning module ActorSequence (298)
[2025.05.23-20.41.26:075][447]LogModuleManager: Shutting down and abandoning module UdpMessaging (296)
[2025.05.23-20.41.26:177][447]LogModuleManager: Shutting down and abandoning module TcpMessaging (294)
[2025.05.23-20.41.26:278][447]LogModuleManager: Shutting down and abandoning module MagicLeapIdentity (292)
[2025.05.23-20.41.26:278][447]LogModuleManager: Shutting down and abandoning module MagicLeapSecureStorage (290)
[2025.05.23-20.41.26:278][447]LogModuleManager: Shutting down and abandoning module MagicLeapHandTracking (288)
[2025.05.23-20.41.26:278][447]LogModuleManager: Shutting down and abandoning module MagicLeapEyeTracker (286)
[2025.05.23-20.41.26:278][447]LogModuleManager: Shutting down and abandoning module MagicLeapController (284)
[2025.05.23-20.41.26:278][447]LogSlate: Slate User Destroyed.  User Index 0, Is Virtual User: 0
[2025.05.23-20.41.26:278][447]LogModuleManager: Shutting down and abandoning module MagicLeapAR (282)
[2025.05.23-20.41.26:278][447]LogModuleManager: Shutting down and abandoning module AugmentedReality (281)
[2025.05.23-20.41.26:278][447]LogModuleManager: Shutting down and abandoning module GameplayTagsEditor (278)
[2025.05.23-20.41.26:278][447]LogModuleManager: Shutting down and abandoning module FacialAnimationEditor (276)
[2025.05.23-20.41.26:278][447]LogModuleManager: Shutting down and abandoning module FacialAnimation (274)
[2025.05.23-20.41.26:278][447]LogModuleManager: Shutting down and abandoning module DataValidation (272)
[2025.05.23-20.41.26:278][447]LogModuleManager: Shutting down and abandoning module AssetManagerEditor (270)
[2025.05.23-20.41.26:278][447]LogModuleManager: Shutting down and abandoning module LevelEditor (269)
[2025.05.23-20.41.26:278][447]LogModuleManager: Shutting down and abandoning module PixelInspectorModule (268)
[2025.05.23-20.41.26:279][447]LogModuleManager: Shutting down and abandoning module CommonMenuExtensions (266)
[2025.05.23-20.41.26:279][447]LogModuleManager: Shutting down and abandoning module MainFrame (264)
[2025.05.23-20.41.26:279][447]LogModuleManager: Shutting down and abandoning module HotReload (263)
[2025.05.23-20.41.26:279][447]LogModuleManager: Shutting down and abandoning module ContentBrowser (259)
[2025.05.23-20.41.26:279][447]LogModuleManager: Shutting down and abandoning module TreeMap (257)
[2025.05.23-20.41.26:279][447]LogModuleManager: Shutting down and abandoning module AnimationSharing (254)
[2025.05.23-20.41.26:279][447]LogModuleManager: Shutting down and abandoning module LightPropagationVolumeRuntime (252)
[2025.05.23-20.41.26:279][447]LogModuleManager: Shutting down and abandoning module Paper2D (250)
[2025.05.23-20.41.26:279][447]LogModuleManager: Shutting down and abandoning module WindowsMoviePlayer (248)
[2025.05.23-20.41.26:281][447]LogModuleManager: Shutting down and abandoning module WebMMoviePlayer (246)
[2025.05.23-20.41.26:281][447]LogModuleManager: Shutting down and abandoning module NetworkReplayStreaming (244)
[2025.05.23-20.41.26:281][447]LogModuleManager: Shutting down and abandoning module PacketHandler (242)
[2025.05.23-20.41.26:281][447]LogModuleManager: Shutting down and abandoning module ClothingSystemEditor (240)
[2025.05.23-20.41.26:281][447]LogModuleManager: Shutting down and abandoning module ClothingSystemRuntime (238)
[2025.05.23-20.41.26:281][447]LogModuleManager: Shutting down and abandoning module MediaAssets (236)
[2025.05.23-20.41.26:281][447]LogModuleManager: Shutting down and abandoning module Overlay (234)
[2025.05.23-20.41.26:281][447]LogModuleManager: Shutting down and abandoning module OverlayEditor (233)
[2025.05.23-20.41.26:281][447]LogModuleManager: Shutting down and abandoning module VREditor (230)
[2025.05.23-20.41.26:281][447]LogModuleManager: Shutting down and abandoning module StringTableEditor (228)
[2025.05.23-20.41.26:281][447]LogModuleManager: Shutting down and abandoning module GameplayTasksEditor (226)
[2025.05.23-20.41.26:281][447]LogModuleManager: Shutting down and abandoning module BehaviorTreeEditor (224)
[2025.05.23-20.41.26:281][447]LogModuleManager: Shutting down and abandoning module FunctionalTesting (222)
[2025.05.23-20.41.26:281][447]LogModuleManager: Shutting down and abandoning module CollisionAnalyzer (220)
[2025.05.23-20.41.26:281][447]LogModuleManager: Shutting down and abandoning module WorkspaceMenuStructure (219)
[2025.05.23-20.41.26:281][447]LogModuleManager: Shutting down and abandoning module UMG (216)
[2025.05.23-20.41.26:281][447]LogModuleManager: Shutting down and abandoning module UMGEditor (215)
[2025.05.23-20.41.26:281][447]LogModuleManager: Shutting down and abandoning module Sequencer (214)
[2025.05.23-20.41.26:282][447]LogModuleManager: Shutting down and abandoning module MessageLog (211)
[2025.05.23-20.41.26:282][447]LogModuleManager: Shutting down and abandoning module SlateReflector (206)
[2025.05.23-20.41.26:282][447]LogModuleManager: Shutting down and abandoning module Slate (204)
[2025.05.23-20.41.26:282][447]LogModuleManager: Shutting down and abandoning module LandscapeEditorUtilities (202)
[2025.05.23-20.41.26:282][447]LogModuleManager: Shutting down and abandoning module EditorStyle (200)
[2025.05.23-20.41.26:284][447]LogModuleManager: Shutting down and abandoning module UnrealEd (198)
[2025.05.23-20.41.26:284][447]LogModuleManager: Shutting down and abandoning module MRMesh (196)
[2025.05.23-20.41.26:284][447]LogModuleManager: Shutting down and abandoning module SourceCodeAccess (194)
[2025.05.23-20.41.26:284][447]LogModuleManager: Shutting down and abandoning module HeadMountedDisplay (192)
[2025.05.23-20.41.26:284][447]LogModuleManager: Shutting down and abandoning module XAudio2 (190)
[2025.05.23-20.41.26:284][447]LogModuleManager: Shutting down and abandoning module Networking (188)
[2025.05.23-20.41.26:284][447]LogModuleManager: Shutting down and abandoning module Core (186)
[2025.05.23-20.41.26:284][447]LogModuleManager: Shutting down and abandoning module KismetCompiler (184)
[2025.05.23-20.41.26:284][447]LogModuleManager: Shutting down and abandoning module MeshUtilities (182)
[2025.05.23-20.41.26:284][447]LogModuleManager: Shutting down and abandoning module MeshMergeUtilities (181)
[2025.05.23-20.41.26:284][447]LogModuleManager: Shutting down and abandoning module MeshReductionInterface (180)
[2025.05.23-20.41.26:284][447]LogModuleManager: Shutting down and abandoning module SkeletalMeshReduction (179)
[2025.05.23-20.41.26:284][447]LogModuleManager: Shutting down and abandoning module ProxyLODMeshReduction (177)
[2025.05.23-20.41.26:284][447]LogModuleManager: Shutting down and abandoning module QuadricMeshReduction (175)
[2025.05.23-20.41.26:284][447]LogModuleManager: Shutting down and abandoning module MaterialBaking (171)
[2025.05.23-20.41.26:284][447]LogModuleManager: Shutting down and abandoning module NullInstallBundleManager (166)
[2025.05.23-20.41.26:284][447]LogModuleManager: Shutting down and abandoning module DerivedDataCache (164)
[2025.05.23-20.41.26:445][447]LogDerivedDataCache: Shutdown
[2025.05.23-20.41.26:445][447]LogModuleManager: Shutting down and abandoning module XGEController (162)
[2025.05.23-20.41.26:445][447]LogXGEController: Cleaning working directory: C:/Users/zack1/AppData/Local/Temp/UnrealXGEWorkingDir/
[2025.05.23-20.41.26:445][447]LogModuleManager: Shutting down and abandoning module TargetPlatform (160)
[2025.05.23-20.41.26:445][447]LogModuleManager: Shutting down and abandoning module VulkanShaderFormat (159)
[2025.05.23-20.41.26:445][447]LogModuleManager: Shutting down and abandoning module ShaderFormatVectorVM (157)
[2025.05.23-20.41.26:445][447]LogModuleManager: Shutting down and abandoning module ShaderFormatOpenGL (155)
[2025.05.23-20.41.26:445][447]LogModuleManager: Shutting down and abandoning module ShaderFormatD3D (153)
[2025.05.23-20.41.26:446][447]LogModuleManager: Shutting down and abandoning module MetalShaderFormat (151)
[2025.05.23-20.41.26:446][447]LogModuleManager: Shutting down and abandoning module TextureFormatUncompressed (149)
[2025.05.23-20.41.26:446][447]LogModuleManager: Shutting down and abandoning module TextureFormatPVR (147)
[2025.05.23-20.41.26:446][447]LogModuleManager: Shutting down and abandoning module TextureFormatDXT (145)
[2025.05.23-20.41.26:446][447]LogModuleManager: Shutting down and abandoning module TextureFormatIntelISPCTexComp (143)
[2025.05.23-20.41.26:446][447]LogModuleManager: Shutting down and abandoning module TextureFormatASTC (141)
[2025.05.23-20.41.26:446][447]LogModuleManager: Shutting down and abandoning module ImageWrapper (140)
[2025.05.23-20.41.26:446][447]LogModuleManager: Shutting down and abandoning module TextureFormatAndroid (137)
[2025.05.23-20.41.26:446][447]LogModuleManager: Shutting down and abandoning module AudioFormatOpus (135)
[2025.05.23-20.41.26:446][447]LogModuleManager: Shutting down and abandoning module AudioFormatOgg (133)
[2025.05.23-20.41.26:446][447]LogModuleManager: Shutting down and abandoning module AudioFormatADPCM (131)
[2025.05.23-20.41.26:446][447]LogModuleManager: Shutting down and abandoning module LuminTargetPlatform (129)
[2025.05.23-20.41.26:446][447]LogModuleManager: Shutting down and abandoning module LinuxTargetPlatform (127)
[2025.05.23-20.41.26:446][447]LogModuleManager: Shutting down and abandoning module LinuxServerTargetPlatform (125)
[2025.05.23-20.41.26:446][447]LogModuleManager: Shutting down and abandoning module LinuxNoEditorTargetPlatform (123)
[2025.05.23-20.41.26:446][447]LogModuleManager: Shutting down and abandoning module LinuxClientTargetPlatform (121)
[2025.05.23-20.41.26:446][447]LogModuleManager: Shutting down and abandoning module TVOSTargetPlatform (119)
[2025.05.23-20.41.26:447][447]LogModuleManager: Shutting down and abandoning module Messaging (117)
[2025.05.23-20.41.26:447][447]LogModuleManager: Shutting down and abandoning module IOSTargetPlatform (115)
[2025.05.23-20.41.26:447][447]LogModuleManager: Shutting down and abandoning module HTML5TargetPlatform (113)
[2025.05.23-20.41.26:447][447]LogModuleManager: Shutting down and abandoning module AndroidTargetPlatform (111)
[2025.05.23-20.41.26:449][447]LogModuleManager: Shutting down and abandoning module WindowsTargetPlatform (109)
[2025.05.23-20.41.26:449][447]LogModuleManager: Shutting down and abandoning module WindowsServerTargetPlatform (107)
[2025.05.23-20.41.26:449][447]LogModuleManager: Shutting down and abandoning module WindowsNoEditorTargetPlatform (105)
[2025.05.23-20.41.26:449][447]LogModuleManager: Shutting down and abandoning module WindowsClientTargetPlatform (103)
[2025.05.23-20.41.26:449][447]LogModuleManager: Shutting down and abandoning module MacTargetPlatform (101)
[2025.05.23-20.41.26:449][447]LogModuleManager: Shutting down and abandoning module MacServerTargetPlatform (99)
[2025.05.23-20.41.26:449][447]LogModuleManager: Shutting down and abandoning module MacNoEditorTargetPlatform (97)
[2025.05.23-20.41.26:449][447]LogModuleManager: Shutting down and abandoning module MacClientTargetPlatform (95)
[2025.05.23-20.41.26:449][447]LogModuleManager: Shutting down and abandoning module AllDesktopTargetPlatform (93)
[2025.05.23-20.41.26:449][447]LogModuleManager: Shutting down and abandoning module InputCore (90)
[2025.05.23-20.41.26:449][447]LogModuleManager: Shutting down and abandoning module Settings (88)
[2025.05.23-20.41.26:449][447]LogModuleManager: Shutting down and abandoning module DirectoryWatcher (86)
[2025.05.23-20.41.26:450][447]LogModuleManager: Shutting down and abandoning module PhysXCooking (84)
[2025.05.23-20.41.26:450][447]LogModuleManager: Shutting down and abandoning module WindowsPlatformFeatures (82)
[2025.05.23-20.41.26:450][447]LogModuleManager: Shutting down and abandoning module GameplayMediaEncoder (81)
[2025.05.23-20.41.26:450][447]LogModuleManager: Shutting down and abandoning module SteamVR (78)
[2025.05.23-20.41.26:450][447]LogHMD: Freeing OpenVRDLLHandle.
[2025.05.23-20.41.26:450][447]LogModuleManager: Shutting down and abandoning module OculusHMD (76)
[2025.05.23-20.41.26:450][447]LogModuleManager: Shutting down and abandoning module ExampleDeviceProfileSelector (74)
[2025.05.23-20.41.26:450][447]LogModuleManager: Shutting down and abandoning module LauncherChunkInstaller (72)
[2025.05.23-20.41.26:450][447]LogModuleManager: Shutting down and abandoning module OnlineBlueprintSupport (70)
[2025.05.23-20.41.26:450][447]LogModuleManager: Shutting down and abandoning module OnlineSubsystem (66)
[2025.05.23-20.41.26:450][447]LogModuleManager: Shutting down and abandoning module XMPP (61)
[2025.05.23-20.41.26:450][447]LogModuleManager: Shutting down and abandoning module WebSockets (60)
[2025.05.23-20.41.26:485][447]LogModuleManager: Shutting down and abandoning module HTTP (57)
[2025.05.23-20.41.26:485][447]LogHttp: Display: Http module shutting down, but needs to wait on 1 outstanding Http requests:
[2025.05.23-20.41.26:485][447]LogHttp: Display: 	verb=[POST] url=[https://datarouter.ol.epicgames.com/datarouter/api/v1/public/data?SessionID=%7B617769F4-4108-E750-1F47-3AAC000D3097%7D&AppID=UEEditor.Rocket.Release&AppVersion=4.23.1-9631420%2B%2B%2BUE4%2BRelease-4.23&UserID=309a7d4449db2083f2fb5eb0d2ebb95f%7Ceec0c2391f4345899517da7deacaa06d%7C79051af3-b724-46be-be2c-4dd52811b199&AppEnvironment=datacollector-binary&UploadType=eteventstream] status=Processing
[2025.05.23-20.41.26:492][447]LogModuleManager: Shutting down and abandoning module SSL (56)
[2025.05.23-20.41.26:493][447]LogModuleManager: Shutting down and abandoning module WmfMedia (52)
[2025.05.23-20.41.26:493][447]LogModuleManager: Shutting down and abandoning module Media (51)
[2025.05.23-20.41.26:494][447]LogModuleManager: Shutting down and abandoning module MagicLeap (48)
[2025.05.23-20.41.26:494][447]LogModuleManager: Shutting down and abandoning module DatasmithContent (46)
[2025.05.23-20.41.26:495][447]LogModuleManager: Shutting down and abandoning module AISupportModule (44)
[2025.05.23-20.41.26:495][447]LogModuleManager: Shutting down and abandoning module PlatformCryptoOpenSSL (42)
[2025.05.23-20.41.26:495][447]LogModuleManager: Shutting down and abandoning module PlatformCrypto (40)
[2025.05.23-20.41.26:495][447]LogModuleManager: Shutting down and abandoning module AnimationModifiers (38)
[2025.05.23-20.41.26:495][447]LogModuleManager: Shutting down and abandoning module PropertyEditor (37)
[2025.05.23-20.41.26:495][447]LogModuleManager: Shutting down and abandoning module AudioEditor (34)
[2025.05.23-20.41.26:495][447]LogModuleManager: Shutting down and abandoning module TextureCompressor (32)
[2025.05.23-20.41.26:495][447]LogModuleManager: Shutting down and abandoning module RenderCore (30)
[2025.05.23-20.41.26:495][447]LogModuleManager: Shutting down and abandoning module Landscape (28)
[2025.05.23-20.41.26:495][447]LogModuleManager: Shutting down and abandoning module SlateRHIRenderer (26)
[2025.05.23-20.41.26:496][447]LogModuleManager: Shutting down and abandoning module OpenGLDrv (24)
[2025.05.23-20.41.26:496][447]LogModuleManager: Shutting down and abandoning module D3D11RHI (22)
[2025.05.23-20.41.26:496][447]LogModuleManager: Shutting down and abandoning module AnimGraphRuntime (20)
[2025.05.23-20.41.26:496][447]LogModuleManager: Shutting down and abandoning module Renderer (18)
[2025.05.23-20.41.26:496][447]LogModuleManager: Shutting down and abandoning module Engine (16)
[2025.05.23-20.41.26:496][447]LogModuleManager: Shutting down and abandoning module CoreUObject (14)
[2025.05.23-20.41.26:496][447]LogModuleManager: Shutting down and abandoning module NetworkFile (12)
[2025.05.23-20.41.26:496][447]LogModuleManager: Shutting down and abandoning module CookedIterativeFile (10)
[2025.05.23-20.41.26:496][447]LogModuleManager: Shutting down and abandoning module StreamingFile (8)
[2025.05.23-20.41.26:496][447]LogModuleManager: Shutting down and abandoning module SandboxFile (6)
[2025.05.23-20.41.26:496][447]LogModuleManager: Shutting down and abandoning module PakFile (4)
[2025.05.23-20.41.26:497][447]LogModuleManager: Shutting down and abandoning module RSA (3)
[2025.05.23-20.41.26:497][447]LogD3D11RHI: Shutdown
[2025.05.23-20.41.26:497][447]LogD3D11RHI: CleanupD3DDevice
[2025.05.23-20.41.26:498][447]LogRendererCore: FGlobalDynamicReadBuffer::Cleanup()
[2025.05.23-20.41.26:498][447]LogRendererCore: FGlobalDynamicReadBuffer::Cleanup()
[2025.05.23-20.41.26:498][447]LogRendererCore: FGlobalDynamicReadBuffer::Cleanup()
[2025.05.23-20.41.26:544][447]LogD3D11RHI: ~FD3D11DynamicRHI
[2025.05.23-20.41.26:554][447]LogExit: Exiting.
[2025.05.23-20.41.26:595][447]Log file closed, 05/23/25 21:41:26
